[0.006s] Invoking command in '/home/jao/Desktop/ITDS331_ROS2_FINAL_EXAM_MODULE/ros2/build/turtlebot3_simulations': AMENT_PREFIX_PATH=/home/jao/Desktop/ITDS331_ROS2_FINAL_EXAM_MODULE/ros2/install/turtlebot3_gazebo:/home/jao/Desktop/ITDS331_ROS2_FINAL_EXAM_MODULE/ros2/install/turtlebot3_fake_node:${AMENT_PREFIX_PATH} CMAKE_PREFIX_PATH=/home/jao/Desktop/ITDS331_ROS2_FINAL_EXAM_MODULE/ros2/install/turtlebot3_gazebo:/home/jao/Desktop/ITDS331_ROS2_FINAL_EXAM_MODULE/ros2/install/turtlebot3_fake_node:/opt/ros/jazzy/opt/gz_sim_vendor:/opt/ros/jazzy/opt/gz_sensors_vendor:/opt/ros/jazzy/opt/gz_physics_vendor:/opt/ros/jazzy/opt/sdformat_vendor:/opt/ros/jazzy/opt/gz_gui_vendor:/opt/ros/jazzy/opt/gz_transport_vendor:/opt/ros/jazzy/opt/gz_rendering_vendor:/opt/ros/jazzy/opt/gz_plugin_vendor:/opt/ros/jazzy/opt/gz_fuel_tools_vendor:/opt/ros/jazzy/opt/gz_msgs_vendor:/opt/ros/jazzy/opt/gz_common_vendor:/opt/ros/jazzy/opt/gz_math_vendor:/opt/ros/jazzy/opt/gz_utils_vendor:/opt/ros/jazzy/opt/gz_tools_vendor:/opt/ros/jazzy/opt/gz_ogre_next_vendor:/opt/ros/jazzy/opt/gz_dartsim_vendor:/opt/ros/jazzy/opt/gz_cmake_vendor:/opt/ros/jazzy DEBUGINFOD_URLS=https://debuginfod.ubuntu.com /usr/bin/cmake /home/jao/Desktop/ITDS331_ROS2_FINAL_EXAM_MODULE/ros2/src/turtlebot3_simulations/turtlebot3_simulations -DAMENT_CMAKE_SYMLINK_INSTALL=1 -DCMAKE_INSTALL_PREFIX=/home/jao/Desktop/ITDS331_ROS2_FINAL_EXAM_MODULE/ros2/install/turtlebot3_simulations
[0.043s] -- The C compiler identification is GNU 13.3.0
[0.079s] -- The CXX compiler identification is GNU 13.3.0
[0.091s] -- Detecting C compiler ABI info
[0.152s] -- Detecting C compiler ABI info - done
[0.157s] -- Check for working C compiler: /usr/bin/cc - skipped
[0.157s] -- Detecting C compile features
[0.157s] -- Detecting C compile features - done
[0.164s] -- Detecting CXX compiler ABI info
[0.232s] -- Detecting CXX compiler ABI info - done
[0.237s] -- Check for working CXX compiler: /usr/bin/c++ - skipped
[0.238s] -- Detecting CXX compile features
[0.238s] -- Detecting CXX compile features - done
[0.241s] -- Found ament_cmake: 2.5.4 (/opt/ros/jazzy/share/ament_cmake/cmake)
[0.339s] -- Found Python3: /usr/bin/python3 (found version "3.12.3") found components: Interpreter 
[0.379s] -- Override CMake install command with custom implementation using symlinks instead of copying resources
[0.472s] -- Configuring done (0.5s)
[0.474s] -- Generating done (0.0s)
[0.475s] -- Build files have been written to: /home/jao/Desktop/ITDS331_ROS2_FINAL_EXAM_MODULE/ros2/build/turtlebot3_simulations
[0.479s] Invoked command in '/home/jao/Desktop/ITDS331_ROS2_FINAL_EXAM_MODULE/ros2/build/turtlebot3_simulations' returned '0': AMENT_PREFIX_PATH=/home/jao/Desktop/ITDS331_ROS2_FINAL_EXAM_MODULE/ros2/install/turtlebot3_gazebo:/home/jao/Desktop/ITDS331_ROS2_FINAL_EXAM_MODULE/ros2/install/turtlebot3_fake_node:${AMENT_PREFIX_PATH} CMAKE_PREFIX_PATH=/home/jao/Desktop/ITDS331_ROS2_FINAL_EXAM_MODULE/ros2/install/turtlebot3_gazebo:/home/jao/Desktop/ITDS331_ROS2_FINAL_EXAM_MODULE/ros2/install/turtlebot3_fake_node:/opt/ros/jazzy/opt/gz_sim_vendor:/opt/ros/jazzy/opt/gz_sensors_vendor:/opt/ros/jazzy/opt/gz_physics_vendor:/opt/ros/jazzy/opt/sdformat_vendor:/opt/ros/jazzy/opt/gz_gui_vendor:/opt/ros/jazzy/opt/gz_transport_vendor:/opt/ros/jazzy/opt/gz_rendering_vendor:/opt/ros/jazzy/opt/gz_plugin_vendor:/opt/ros/jazzy/opt/gz_fuel_tools_vendor:/opt/ros/jazzy/opt/gz_msgs_vendor:/opt/ros/jazzy/opt/gz_common_vendor:/opt/ros/jazzy/opt/gz_math_vendor:/opt/ros/jazzy/opt/gz_utils_vendor:/opt/ros/jazzy/opt/gz_tools_vendor:/opt/ros/jazzy/opt/gz_ogre_next_vendor:/opt/ros/jazzy/opt/gz_dartsim_vendor:/opt/ros/jazzy/opt/gz_cmake_vendor:/opt/ros/jazzy DEBUGINFOD_URLS=https://debuginfod.ubuntu.com /usr/bin/cmake /home/jao/Desktop/ITDS331_ROS2_FINAL_EXAM_MODULE/ros2/src/turtlebot3_simulations/turtlebot3_simulations -DAMENT_CMAKE_SYMLINK_INSTALL=1 -DCMAKE_INSTALL_PREFIX=/home/jao/Desktop/ITDS331_ROS2_FINAL_EXAM_MODULE/ros2/install/turtlebot3_simulations
[0.480s] Invoking command in '/home/jao/Desktop/ITDS331_ROS2_FINAL_EXAM_MODULE/ros2/build/turtlebot3_simulations': AMENT_PREFIX_PATH=/home/jao/Desktop/ITDS331_ROS2_FINAL_EXAM_MODULE/ros2/install/turtlebot3_gazebo:/home/jao/Desktop/ITDS331_ROS2_FINAL_EXAM_MODULE/ros2/install/turtlebot3_fake_node:${AMENT_PREFIX_PATH} CMAKE_PREFIX_PATH=/home/jao/Desktop/ITDS331_ROS2_FINAL_EXAM_MODULE/ros2/install/turtlebot3_gazebo:/home/jao/Desktop/ITDS331_ROS2_FINAL_EXAM_MODULE/ros2/install/turtlebot3_fake_node:/opt/ros/jazzy/opt/gz_sim_vendor:/opt/ros/jazzy/opt/gz_sensors_vendor:/opt/ros/jazzy/opt/gz_physics_vendor:/opt/ros/jazzy/opt/sdformat_vendor:/opt/ros/jazzy/opt/gz_gui_vendor:/opt/ros/jazzy/opt/gz_transport_vendor:/opt/ros/jazzy/opt/gz_rendering_vendor:/opt/ros/jazzy/opt/gz_plugin_vendor:/opt/ros/jazzy/opt/gz_fuel_tools_vendor:/opt/ros/jazzy/opt/gz_msgs_vendor:/opt/ros/jazzy/opt/gz_common_vendor:/opt/ros/jazzy/opt/gz_math_vendor:/opt/ros/jazzy/opt/gz_utils_vendor:/opt/ros/jazzy/opt/gz_tools_vendor:/opt/ros/jazzy/opt/gz_ogre_next_vendor:/opt/ros/jazzy/opt/gz_dartsim_vendor:/opt/ros/jazzy/opt/gz_cmake_vendor:/opt/ros/jazzy DEBUGINFOD_URLS=https://debuginfod.ubuntu.com /usr/bin/cmake --build /home/jao/Desktop/ITDS331_ROS2_FINAL_EXAM_MODULE/ros2/build/turtlebot3_simulations -- -j32 -l32
[0.509s] Invoked command in '/home/jao/Desktop/ITDS331_ROS2_FINAL_EXAM_MODULE/ros2/build/turtlebot3_simulations' returned '0': AMENT_PREFIX_PATH=/home/jao/Desktop/ITDS331_ROS2_FINAL_EXAM_MODULE/ros2/install/turtlebot3_gazebo:/home/jao/Desktop/ITDS331_ROS2_FINAL_EXAM_MODULE/ros2/install/turtlebot3_fake_node:${AMENT_PREFIX_PATH} CMAKE_PREFIX_PATH=/home/jao/Desktop/ITDS331_ROS2_FINAL_EXAM_MODULE/ros2/install/turtlebot3_gazebo:/home/jao/Desktop/ITDS331_ROS2_FINAL_EXAM_MODULE/ros2/install/turtlebot3_fake_node:/opt/ros/jazzy/opt/gz_sim_vendor:/opt/ros/jazzy/opt/gz_sensors_vendor:/opt/ros/jazzy/opt/gz_physics_vendor:/opt/ros/jazzy/opt/sdformat_vendor:/opt/ros/jazzy/opt/gz_gui_vendor:/opt/ros/jazzy/opt/gz_transport_vendor:/opt/ros/jazzy/opt/gz_rendering_vendor:/opt/ros/jazzy/opt/gz_plugin_vendor:/opt/ros/jazzy/opt/gz_fuel_tools_vendor:/opt/ros/jazzy/opt/gz_msgs_vendor:/opt/ros/jazzy/opt/gz_common_vendor:/opt/ros/jazzy/opt/gz_math_vendor:/opt/ros/jazzy/opt/gz_utils_vendor:/opt/ros/jazzy/opt/gz_tools_vendor:/opt/ros/jazzy/opt/gz_ogre_next_vendor:/opt/ros/jazzy/opt/gz_dartsim_vendor:/opt/ros/jazzy/opt/gz_cmake_vendor:/opt/ros/jazzy DEBUGINFOD_URLS=https://debuginfod.ubuntu.com /usr/bin/cmake --build /home/jao/Desktop/ITDS331_ROS2_FINAL_EXAM_MODULE/ros2/build/turtlebot3_simulations -- -j32 -l32
[0.510s] Invoking command in '/home/jao/Desktop/ITDS331_ROS2_FINAL_EXAM_MODULE/ros2/build/turtlebot3_simulations': AMENT_PREFIX_PATH=/home/jao/Desktop/ITDS331_ROS2_FINAL_EXAM_MODULE/ros2/install/turtlebot3_gazebo:/home/jao/Desktop/ITDS331_ROS2_FINAL_EXAM_MODULE/ros2/install/turtlebot3_fake_node:${AMENT_PREFIX_PATH} CMAKE_PREFIX_PATH=/home/jao/Desktop/ITDS331_ROS2_FINAL_EXAM_MODULE/ros2/install/turtlebot3_gazebo:/home/jao/Desktop/ITDS331_ROS2_FINAL_EXAM_MODULE/ros2/install/turtlebot3_fake_node:/opt/ros/jazzy/opt/gz_sim_vendor:/opt/ros/jazzy/opt/gz_sensors_vendor:/opt/ros/jazzy/opt/gz_physics_vendor:/opt/ros/jazzy/opt/sdformat_vendor:/opt/ros/jazzy/opt/gz_gui_vendor:/opt/ros/jazzy/opt/gz_transport_vendor:/opt/ros/jazzy/opt/gz_rendering_vendor:/opt/ros/jazzy/opt/gz_plugin_vendor:/opt/ros/jazzy/opt/gz_fuel_tools_vendor:/opt/ros/jazzy/opt/gz_msgs_vendor:/opt/ros/jazzy/opt/gz_common_vendor:/opt/ros/jazzy/opt/gz_math_vendor:/opt/ros/jazzy/opt/gz_utils_vendor:/opt/ros/jazzy/opt/gz_tools_vendor:/opt/ros/jazzy/opt/gz_ogre_next_vendor:/opt/ros/jazzy/opt/gz_dartsim_vendor:/opt/ros/jazzy/opt/gz_cmake_vendor:/opt/ros/jazzy DEBUGINFOD_URLS=https://debuginfod.ubuntu.com /usr/bin/cmake --install /home/jao/Desktop/ITDS331_ROS2_FINAL_EXAM_MODULE/ros2/build/turtlebot3_simulations
[0.515s] -- Install configuration: ""
[0.516s] -- Execute custom install script
[0.516s] -- Symlinking: /home/jao/Desktop/ITDS331_ROS2_FINAL_EXAM_MODULE/ros2/install/turtlebot3_simulations/share/ament_index/resource_index/package_run_dependencies/turtlebot3_simulations
[0.522s] -- Symlinking: /home/jao/Desktop/ITDS331_ROS2_FINAL_EXAM_MODULE/ros2/install/turtlebot3_simulations/share/ament_index/resource_index/parent_prefix_path/turtlebot3_simulations
[0.528s] -- Symlinking: /home/jao/Desktop/ITDS331_ROS2_FINAL_EXAM_MODULE/ros2/install/turtlebot3_simulations/share/turtlebot3_simulations/environment/ament_prefix_path.sh
[0.535s] -- Symlinking: /home/jao/Desktop/ITDS331_ROS2_FINAL_EXAM_MODULE/ros2/install/turtlebot3_simulations/share/turtlebot3_simulations/environment/ament_prefix_path.dsv
[0.542s] -- Symlinking: /home/jao/Desktop/ITDS331_ROS2_FINAL_EXAM_MODULE/ros2/install/turtlebot3_simulations/share/turtlebot3_simulations/environment/path.sh
[0.548s] -- Symlinking: /home/jao/Desktop/ITDS331_ROS2_FINAL_EXAM_MODULE/ros2/install/turtlebot3_simulations/share/turtlebot3_simulations/environment/path.dsv
[0.554s] -- Symlinking: /home/jao/Desktop/ITDS331_ROS2_FINAL_EXAM_MODULE/ros2/install/turtlebot3_simulations/share/turtlebot3_simulations/local_setup.bash
[0.561s] -- Symlinking: /home/jao/Desktop/ITDS331_ROS2_FINAL_EXAM_MODULE/ros2/install/turtlebot3_simulations/share/turtlebot3_simulations/local_setup.sh
[0.567s] -- Symlinking: /home/jao/Desktop/ITDS331_ROS2_FINAL_EXAM_MODULE/ros2/install/turtlebot3_simulations/share/turtlebot3_simulations/local_setup.zsh
[0.574s] -- Symlinking: /home/jao/Desktop/ITDS331_ROS2_FINAL_EXAM_MODULE/ros2/install/turtlebot3_simulations/share/turtlebot3_simulations/local_setup.dsv
[0.580s] -- Symlinking: /home/jao/Desktop/ITDS331_ROS2_FINAL_EXAM_MODULE/ros2/install/turtlebot3_simulations/share/turtlebot3_simulations/package.dsv
[0.587s] -- Symlinking: /home/jao/Desktop/ITDS331_ROS2_FINAL_EXAM_MODULE/ros2/install/turtlebot3_simulations/share/ament_index/resource_index/packages/turtlebot3_simulations
[0.593s] -- Symlinking: /home/jao/Desktop/ITDS331_ROS2_FINAL_EXAM_MODULE/ros2/install/turtlebot3_simulations/share/turtlebot3_simulations/cmake/turtlebot3_simulationsConfig.cmake
[0.599s] -- Symlinking: /home/jao/Desktop/ITDS331_ROS2_FINAL_EXAM_MODULE/ros2/install/turtlebot3_simulations/share/turtlebot3_simulations/cmake/turtlebot3_simulationsConfig-version.cmake
[0.605s] -- Symlinking: /home/jao/Desktop/ITDS331_ROS2_FINAL_EXAM_MODULE/ros2/install/turtlebot3_simulations/share/turtlebot3_simulations/package.xml
[0.613s] Invoked command in '/home/jao/Desktop/ITDS331_ROS2_FINAL_EXAM_MODULE/ros2/build/turtlebot3_simulations' returned '0': AMENT_PREFIX_PATH=/home/jao/Desktop/ITDS331_ROS2_FINAL_EXAM_MODULE/ros2/install/turtlebot3_gazebo:/home/jao/Desktop/ITDS331_ROS2_FINAL_EXAM_MODULE/ros2/install/turtlebot3_fake_node:${AMENT_PREFIX_PATH} CMAKE_PREFIX_PATH=/home/jao/Desktop/ITDS331_ROS2_FINAL_EXAM_MODULE/ros2/install/turtlebot3_gazebo:/home/jao/Desktop/ITDS331_ROS2_FINAL_EXAM_MODULE/ros2/install/turtlebot3_fake_node:/opt/ros/jazzy/opt/gz_sim_vendor:/opt/ros/jazzy/opt/gz_sensors_vendor:/opt/ros/jazzy/opt/gz_physics_vendor:/opt/ros/jazzy/opt/sdformat_vendor:/opt/ros/jazzy/opt/gz_gui_vendor:/opt/ros/jazzy/opt/gz_transport_vendor:/opt/ros/jazzy/opt/gz_rendering_vendor:/opt/ros/jazzy/opt/gz_plugin_vendor:/opt/ros/jazzy/opt/gz_fuel_tools_vendor:/opt/ros/jazzy/opt/gz_msgs_vendor:/opt/ros/jazzy/opt/gz_common_vendor:/opt/ros/jazzy/opt/gz_math_vendor:/opt/ros/jazzy/opt/gz_utils_vendor:/opt/ros/jazzy/opt/gz_tools_vendor:/opt/ros/jazzy/opt/gz_ogre_next_vendor:/opt/ros/jazzy/opt/gz_dartsim_vendor:/opt/ros/jazzy/opt/gz_cmake_vendor:/opt/ros/jazzy DEBUGINFOD_URLS=https://debuginfod.ubuntu.com /usr/bin/cmake --install /home/jao/Desktop/ITDS331_ROS2_FINAL_EXAM_MODULE/ros2/build/turtlebot3_simulations
