[0.009s] Invoking command in '/home/jao/Desktop/ros_ws/ITDS331_ROS2_FINAL_EXAM_MODULE/ros2/build/turtlebot3_manipulation_gazebo': CMAKE_PREFIX_PATH=${CMAKE_PREFIX_PATH}:/opt/ros/jazzy DEBUGINFOD_URLS=https://debuginfod.ubuntu.com /usr/bin/cmake --build /home/jao/Desktop/ros_ws/ITDS331_ROS2_FINAL_EXAM_MODULE/ros2/build/turtlebot3_manipulation_gazebo -- -j32 -l32
[0.039s] Invoked command in '/home/jao/Desktop/ros_ws/ITDS331_ROS2_FINAL_EXAM_MODULE/ros2/build/turtlebot3_manipulation_gazebo' returned '0': CMAKE_PREFIX_PATH=${CMAKE_PREFIX_PATH}:/opt/ros/jazzy DEBUGINFOD_URLS=https://debuginfod.ubuntu.com /usr/bin/cmake --build /home/jao/Desktop/ros_ws/ITDS331_ROS2_FINAL_EXAM_MODULE/ros2/build/turtlebot3_manipulation_gazebo -- -j32 -l32
[0.045s] Invoking command in '/home/jao/Desktop/ros_ws/ITDS331_ROS2_FINAL_EXAM_MODULE/ros2/build/turtlebot3_manipulation_gazebo': CMAKE_PREFIX_PATH=${CMAKE_PREFIX_PATH}:/opt/ros/jazzy DEBUGINFOD_URLS=https://debuginfod.ubuntu.com /usr/bin/cmake --install /home/jao/Desktop/ros_ws/ITDS331_ROS2_FINAL_EXAM_MODULE/ros2/build/turtlebot3_manipulation_gazebo
[0.051s] -- Install configuration: ""
[0.051s] -- Execute custom install script
[0.051s] -- Symlinking: /home/jao/Desktop/ros_ws/ITDS331_ROS2_FINAL_EXAM_MODULE/ros2/install/turtlebot3_manipulation_gazebo/share/turtlebot3_manipulation_gazebo/config/gazebo_controller_manager.yaml
[0.059s] -- Symlinking: /home/jao/Desktop/ros_ws/ITDS331_ROS2_FINAL_EXAM_MODULE/ros2/install/turtlebot3_manipulation_gazebo/share/turtlebot3_manipulation_gazebo/config/hardware_controller_manager.yaml
[0.065s] -- Symlinking: /home/jao/Desktop/ros_ws/ITDS331_ROS2_FINAL_EXAM_MODULE/ros2/install/turtlebot3_manipulation_gazebo/share/turtlebot3_manipulation_gazebo/gazebo/materials.xacro
[0.072s] -- Symlinking: /home/jao/Desktop/ros_ws/ITDS331_ROS2_FINAL_EXAM_MODULE/ros2/install/turtlebot3_manipulation_gazebo/share/turtlebot3_manipulation_gazebo/gazebo/open_manipulator_x.gazebo.xacro
[0.078s] -- Symlinking: /home/jao/Desktop/ros_ws/ITDS331_ROS2_FINAL_EXAM_MODULE/ros2/install/turtlebot3_manipulation_gazebo/share/turtlebot3_manipulation_gazebo/gazebo/turtlebot3_waffle_pi.gazebo.xacro
[0.084s] -- Symlinking: /home/jao/Desktop/ros_ws/ITDS331_ROS2_FINAL_EXAM_MODULE/ros2/install/turtlebot3_manipulation_gazebo/share/turtlebot3_manipulation_gazebo/launch/base.launch.py
[0.091s] -- Symlinking: /home/jao/Desktop/ros_ws/ITDS331_ROS2_FINAL_EXAM_MODULE/ros2/install/turtlebot3_manipulation_gazebo/share/turtlebot3_manipulation_gazebo/launch/fake.launch.py
[0.097s] -- Symlinking: /home/jao/Desktop/ros_ws/ITDS331_ROS2_FINAL_EXAM_MODULE/ros2/install/turtlebot3_manipulation_gazebo/share/turtlebot3_manipulation_gazebo/launch/gazebo.launch.py
[0.103s] -- Symlinking: /home/jao/Desktop/ros_ws/ITDS331_ROS2_FINAL_EXAM_MODULE/ros2/install/turtlebot3_manipulation_gazebo/share/turtlebot3_manipulation_gazebo/launch/turtlebot3_home_service_challenge.launch.py
[0.111s] -- Symlinking: /home/jao/Desktop/ros_ws/ITDS331_ROS2_FINAL_EXAM_MODULE/ros2/install/turtlebot3_manipulation_gazebo/share/turtlebot3_manipulation_gazebo/ros2_control/turtlebot3_manipulation_system.ros2_control.xacro
[0.118s] -- Symlinking: /home/jao/Desktop/ros_ws/ITDS331_ROS2_FINAL_EXAM_MODULE/ros2/install/turtlebot3_manipulation_gazebo/share/turtlebot3_manipulation_gazebo/rviz/turtlebot3_manipulation.rviz
[0.124s] -- Symlinking: /home/jao/Desktop/ros_ws/ITDS331_ROS2_FINAL_EXAM_MODULE/ros2/install/turtlebot3_manipulation_gazebo/share/turtlebot3_manipulation_gazebo/urdf/open_manipulator_x.urdf.xacro
[0.131s] -- Symlinking: /home/jao/Desktop/ros_ws/ITDS331_ROS2_FINAL_EXAM_MODULE/ros2/install/turtlebot3_manipulation_gazebo/share/turtlebot3_manipulation_gazebo/urdf/turtlebot3_manipulation.urdf.xacro
[0.137s] -- Symlinking: /home/jao/Desktop/ros_ws/ITDS331_ROS2_FINAL_EXAM_MODULE/ros2/install/turtlebot3_manipulation_gazebo/share/turtlebot3_manipulation_gazebo/urdf/turtlebot3_waffle_pi.urdf.xacro
[0.144s] -- Symlinking: /home/jao/Desktop/ros_ws/ITDS331_ROS2_FINAL_EXAM_MODULE/ros2/install/turtlebot3_manipulation_gazebo/share/turtlebot3_manipulation_gazebo/worlds/turtlebot3_home_service_challenge.world
[0.156s] -- Symlinking: /home/jao/Desktop/ros_ws/ITDS331_ROS2_FINAL_EXAM_MODULE/ros2/install/turtlebot3_manipulation_gazebo/share/turtlebot3_manipulation_gazebo/models/turtlebot3_home_service_challenge/marker0/materials/textures/Marker0.png
[0.163s] -- Symlinking: /home/jao/Desktop/ros_ws/ITDS331_ROS2_FINAL_EXAM_MODULE/ros2/install/turtlebot3_manipulation_gazebo/share/turtlebot3_manipulation_gazebo/models/turtlebot3_home_service_challenge/marker0/meshes/Marker0.dae
[0.169s] -- Symlinking: /home/jao/Desktop/ros_ws/ITDS331_ROS2_FINAL_EXAM_MODULE/ros2/install/turtlebot3_manipulation_gazebo/share/turtlebot3_manipulation_gazebo/models/turtlebot3_home_service_challenge/marker0/model-1_4.sdf
[0.175s] -- Symlinking: /home/jao/Desktop/ros_ws/ITDS331_ROS2_FINAL_EXAM_MODULE/ros2/install/turtlebot3_manipulation_gazebo/share/turtlebot3_manipulation_gazebo/models/turtlebot3_home_service_challenge/marker0/model-1_5.sdf
[0.183s] -- Symlinking: /home/jao/Desktop/ros_ws/ITDS331_ROS2_FINAL_EXAM_MODULE/ros2/install/turtlebot3_manipulation_gazebo/share/turtlebot3_manipulation_gazebo/models/turtlebot3_home_service_challenge/marker0/model.config
[0.190s] -- Symlinking: /home/jao/Desktop/ros_ws/ITDS331_ROS2_FINAL_EXAM_MODULE/ros2/install/turtlebot3_manipulation_gazebo/share/turtlebot3_manipulation_gazebo/models/turtlebot3_home_service_challenge/marker0/model.sdf
[0.197s] -- Symlinking: /home/jao/Desktop/ros_ws/ITDS331_ROS2_FINAL_EXAM_MODULE/ros2/install/turtlebot3_manipulation_gazebo/share/turtlebot3_manipulation_gazebo/models/turtlebot3_home_service_challenge/marker1/materials/textures/Marker1.png
[0.204s] -- Symlinking: /home/jao/Desktop/ros_ws/ITDS331_ROS2_FINAL_EXAM_MODULE/ros2/install/turtlebot3_manipulation_gazebo/share/turtlebot3_manipulation_gazebo/models/turtlebot3_home_service_challenge/marker1/meshes/Marker1.dae
[0.211s] -- Symlinking: /home/jao/Desktop/ros_ws/ITDS331_ROS2_FINAL_EXAM_MODULE/ros2/install/turtlebot3_manipulation_gazebo/share/turtlebot3_manipulation_gazebo/models/turtlebot3_home_service_challenge/marker1/model-1_4.sdf
[0.217s] -- Symlinking: /home/jao/Desktop/ros_ws/ITDS331_ROS2_FINAL_EXAM_MODULE/ros2/install/turtlebot3_manipulation_gazebo/share/turtlebot3_manipulation_gazebo/models/turtlebot3_home_service_challenge/marker1/model-1_5.sdf
[0.224s] -- Symlinking: /home/jao/Desktop/ros_ws/ITDS331_ROS2_FINAL_EXAM_MODULE/ros2/install/turtlebot3_manipulation_gazebo/share/turtlebot3_manipulation_gazebo/models/turtlebot3_home_service_challenge/marker1/model.config
[0.230s] -- Symlinking: /home/jao/Desktop/ros_ws/ITDS331_ROS2_FINAL_EXAM_MODULE/ros2/install/turtlebot3_manipulation_gazebo/share/turtlebot3_manipulation_gazebo/models/turtlebot3_home_service_challenge/marker1/model.sdf
[0.237s] -- Symlinking: /home/jao/Desktop/ros_ws/ITDS331_ROS2_FINAL_EXAM_MODULE/ros2/install/turtlebot3_manipulation_gazebo/share/turtlebot3_manipulation_gazebo/models/turtlebot3_home_service_challenge/marker2/materials/textures/Marker2.png
[0.243s] -- Symlinking: /home/jao/Desktop/ros_ws/ITDS331_ROS2_FINAL_EXAM_MODULE/ros2/install/turtlebot3_manipulation_gazebo/share/turtlebot3_manipulation_gazebo/models/turtlebot3_home_service_challenge/marker2/meshes/Marker2.dae
[0.249s] -- Symlinking: /home/jao/Desktop/ros_ws/ITDS331_ROS2_FINAL_EXAM_MODULE/ros2/install/turtlebot3_manipulation_gazebo/share/turtlebot3_manipulation_gazebo/models/turtlebot3_home_service_challenge/marker2/model-1_4.sdf
[0.256s] -- Symlinking: /home/jao/Desktop/ros_ws/ITDS331_ROS2_FINAL_EXAM_MODULE/ros2/install/turtlebot3_manipulation_gazebo/share/turtlebot3_manipulation_gazebo/models/turtlebot3_home_service_challenge/marker2/model-1_5.sdf
[0.262s] -- Symlinking: /home/jao/Desktop/ros_ws/ITDS331_ROS2_FINAL_EXAM_MODULE/ros2/install/turtlebot3_manipulation_gazebo/share/turtlebot3_manipulation_gazebo/models/turtlebot3_home_service_challenge/marker2/model.config
[0.269s] -- Symlinking: /home/jao/Desktop/ros_ws/ITDS331_ROS2_FINAL_EXAM_MODULE/ros2/install/turtlebot3_manipulation_gazebo/share/turtlebot3_manipulation_gazebo/models/turtlebot3_home_service_challenge/marker2/model.sdf
[0.276s] -- Symlinking: /home/jao/Desktop/ros_ws/ITDS331_ROS2_FINAL_EXAM_MODULE/ros2/install/turtlebot3_manipulation_gazebo/share/turtlebot3_manipulation_gazebo/models/turtlebot3_home_service_challenge/marker3/materials/textures/Marker3.png
[0.282s] -- Symlinking: /home/jao/Desktop/ros_ws/ITDS331_ROS2_FINAL_EXAM_MODULE/ros2/install/turtlebot3_manipulation_gazebo/share/turtlebot3_manipulation_gazebo/models/turtlebot3_home_service_challenge/marker3/meshes/Marker3.dae
[0.289s] -- Symlinking: /home/jao/Desktop/ros_ws/ITDS331_ROS2_FINAL_EXAM_MODULE/ros2/install/turtlebot3_manipulation_gazebo/share/turtlebot3_manipulation_gazebo/models/turtlebot3_home_service_challenge/marker3/model-1_4.sdf
[0.296s] -- Symlinking: /home/jao/Desktop/ros_ws/ITDS331_ROS2_FINAL_EXAM_MODULE/ros2/install/turtlebot3_manipulation_gazebo/share/turtlebot3_manipulation_gazebo/models/turtlebot3_home_service_challenge/marker3/model-1_5.sdf
[0.303s] -- Symlinking: /home/jao/Desktop/ros_ws/ITDS331_ROS2_FINAL_EXAM_MODULE/ros2/install/turtlebot3_manipulation_gazebo/share/turtlebot3_manipulation_gazebo/models/turtlebot3_home_service_challenge/marker3/model.config
[0.309s] -- Symlinking: /home/jao/Desktop/ros_ws/ITDS331_ROS2_FINAL_EXAM_MODULE/ros2/install/turtlebot3_manipulation_gazebo/share/turtlebot3_manipulation_gazebo/models/turtlebot3_home_service_challenge/marker3/model.sdf
[0.315s] -- Symlinking: /home/jao/Desktop/ros_ws/ITDS331_ROS2_FINAL_EXAM_MODULE/ros2/install/turtlebot3_manipulation_gazebo/share/turtlebot3_manipulation_gazebo/models/turtlebot3_home_service_challenge/marker4/materials/textures/Marker4.png
[0.322s] -- Symlinking: /home/jao/Desktop/ros_ws/ITDS331_ROS2_FINAL_EXAM_MODULE/ros2/install/turtlebot3_manipulation_gazebo/share/turtlebot3_manipulation_gazebo/models/turtlebot3_home_service_challenge/marker4/meshes/Marker4.dae
[0.328s] -- Symlinking: /home/jao/Desktop/ros_ws/ITDS331_ROS2_FINAL_EXAM_MODULE/ros2/install/turtlebot3_manipulation_gazebo/share/turtlebot3_manipulation_gazebo/models/turtlebot3_home_service_challenge/marker4/model-1_4.sdf
[0.333s] -- Symlinking: /home/jao/Desktop/ros_ws/ITDS331_ROS2_FINAL_EXAM_MODULE/ros2/install/turtlebot3_manipulation_gazebo/share/turtlebot3_manipulation_gazebo/models/turtlebot3_home_service_challenge/marker4/model-1_5.sdf
[0.340s] -- Symlinking: /home/jao/Desktop/ros_ws/ITDS331_ROS2_FINAL_EXAM_MODULE/ros2/install/turtlebot3_manipulation_gazebo/share/turtlebot3_manipulation_gazebo/models/turtlebot3_home_service_challenge/marker4/model.config
[0.346s] -- Symlinking: /home/jao/Desktop/ros_ws/ITDS331_ROS2_FINAL_EXAM_MODULE/ros2/install/turtlebot3_manipulation_gazebo/share/turtlebot3_manipulation_gazebo/models/turtlebot3_home_service_challenge/marker4/model.sdf
[0.352s] -- Symlinking: /home/jao/Desktop/ros_ws/ITDS331_ROS2_FINAL_EXAM_MODULE/ros2/install/turtlebot3_manipulation_gazebo/share/turtlebot3_manipulation_gazebo/models/turtlebot3_home_service_challenge/marker5/materials/textures/Marker5.png
[0.359s] -- Symlinking: /home/jao/Desktop/ros_ws/ITDS331_ROS2_FINAL_EXAM_MODULE/ros2/install/turtlebot3_manipulation_gazebo/share/turtlebot3_manipulation_gazebo/models/turtlebot3_home_service_challenge/marker5/meshes/Marker5.dae
[0.366s] -- Symlinking: /home/jao/Desktop/ros_ws/ITDS331_ROS2_FINAL_EXAM_MODULE/ros2/install/turtlebot3_manipulation_gazebo/share/turtlebot3_manipulation_gazebo/models/turtlebot3_home_service_challenge/marker5/model-1_4.sdf
[0.372s] -- Symlinking: /home/jao/Desktop/ros_ws/ITDS331_ROS2_FINAL_EXAM_MODULE/ros2/install/turtlebot3_manipulation_gazebo/share/turtlebot3_manipulation_gazebo/models/turtlebot3_home_service_challenge/marker5/model-1_5.sdf
[0.379s] -- Symlinking: /home/jao/Desktop/ros_ws/ITDS331_ROS2_FINAL_EXAM_MODULE/ros2/install/turtlebot3_manipulation_gazebo/share/turtlebot3_manipulation_gazebo/models/turtlebot3_home_service_challenge/marker5/model.config
[0.386s] -- Symlinking: /home/jao/Desktop/ros_ws/ITDS331_ROS2_FINAL_EXAM_MODULE/ros2/install/turtlebot3_manipulation_gazebo/share/turtlebot3_manipulation_gazebo/models/turtlebot3_home_service_challenge/marker5/model.sdf
[0.393s] -- Symlinking: /home/jao/Desktop/ros_ws/ITDS331_ROS2_FINAL_EXAM_MODULE/ros2/install/turtlebot3_manipulation_gazebo/share/turtlebot3_manipulation_gazebo/models/turtlebot3_home_service_challenge/marker6/materials/textures/Marker6.png
[0.399s] -- Symlinking: /home/jao/Desktop/ros_ws/ITDS331_ROS2_FINAL_EXAM_MODULE/ros2/install/turtlebot3_manipulation_gazebo/share/turtlebot3_manipulation_gazebo/models/turtlebot3_home_service_challenge/marker6/meshes/Marker6.dae
[0.406s] -- Symlinking: /home/jao/Desktop/ros_ws/ITDS331_ROS2_FINAL_EXAM_MODULE/ros2/install/turtlebot3_manipulation_gazebo/share/turtlebot3_manipulation_gazebo/models/turtlebot3_home_service_challenge/marker6/model-1_4.sdf
[0.413s] -- Symlinking: /home/jao/Desktop/ros_ws/ITDS331_ROS2_FINAL_EXAM_MODULE/ros2/install/turtlebot3_manipulation_gazebo/share/turtlebot3_manipulation_gazebo/models/turtlebot3_home_service_challenge/marker6/model-1_5.sdf
[0.420s] -- Symlinking: /home/jao/Desktop/ros_ws/ITDS331_ROS2_FINAL_EXAM_MODULE/ros2/install/turtlebot3_manipulation_gazebo/share/turtlebot3_manipulation_gazebo/models/turtlebot3_home_service_challenge/marker6/model.config
[0.426s] -- Symlinking: /home/jao/Desktop/ros_ws/ITDS331_ROS2_FINAL_EXAM_MODULE/ros2/install/turtlebot3_manipulation_gazebo/share/turtlebot3_manipulation_gazebo/models/turtlebot3_home_service_challenge/marker6/model.sdf
[0.434s] -- Symlinking: /home/jao/Desktop/ros_ws/ITDS331_ROS2_FINAL_EXAM_MODULE/ros2/install/turtlebot3_manipulation_gazebo/share/turtlebot3_manipulation_gazebo/models/turtlebot3_home_service_challenge/marker7/materials/textures/Marker7.png
[0.440s] -- Symlinking: /home/jao/Desktop/ros_ws/ITDS331_ROS2_FINAL_EXAM_MODULE/ros2/install/turtlebot3_manipulation_gazebo/share/turtlebot3_manipulation_gazebo/models/turtlebot3_home_service_challenge/marker7/meshes/Marker7.dae
[0.447s] -- Symlinking: /home/jao/Desktop/ros_ws/ITDS331_ROS2_FINAL_EXAM_MODULE/ros2/install/turtlebot3_manipulation_gazebo/share/turtlebot3_manipulation_gazebo/models/turtlebot3_home_service_challenge/marker7/model-1_4.sdf
[0.454s] -- Symlinking: /home/jao/Desktop/ros_ws/ITDS331_ROS2_FINAL_EXAM_MODULE/ros2/install/turtlebot3_manipulation_gazebo/share/turtlebot3_manipulation_gazebo/models/turtlebot3_home_service_challenge/marker7/model-1_5.sdf
[0.460s] -- Symlinking: /home/jao/Desktop/ros_ws/ITDS331_ROS2_FINAL_EXAM_MODULE/ros2/install/turtlebot3_manipulation_gazebo/share/turtlebot3_manipulation_gazebo/models/turtlebot3_home_service_challenge/marker7/model.config
[0.467s] -- Symlinking: /home/jao/Desktop/ros_ws/ITDS331_ROS2_FINAL_EXAM_MODULE/ros2/install/turtlebot3_manipulation_gazebo/share/turtlebot3_manipulation_gazebo/models/turtlebot3_home_service_challenge/marker7/model.sdf
[0.473s] -- Symlinking: /home/jao/Desktop/ros_ws/ITDS331_ROS2_FINAL_EXAM_MODULE/ros2/install/turtlebot3_manipulation_gazebo/share/turtlebot3_manipulation_gazebo/models/turtlebot3_home_service_challenge/marker8/materials/textures/Marker8.png
[0.479s] -- Symlinking: /home/jao/Desktop/ros_ws/ITDS331_ROS2_FINAL_EXAM_MODULE/ros2/install/turtlebot3_manipulation_gazebo/share/turtlebot3_manipulation_gazebo/models/turtlebot3_home_service_challenge/marker8/meshes/Marker8.dae
[0.486s] -- Symlinking: /home/jao/Desktop/ros_ws/ITDS331_ROS2_FINAL_EXAM_MODULE/ros2/install/turtlebot3_manipulation_gazebo/share/turtlebot3_manipulation_gazebo/models/turtlebot3_home_service_challenge/marker8/model-1_4.sdf
[0.493s] -- Symlinking: /home/jao/Desktop/ros_ws/ITDS331_ROS2_FINAL_EXAM_MODULE/ros2/install/turtlebot3_manipulation_gazebo/share/turtlebot3_manipulation_gazebo/models/turtlebot3_home_service_challenge/marker8/model-1_5.sdf
[0.501s] -- Symlinking: /home/jao/Desktop/ros_ws/ITDS331_ROS2_FINAL_EXAM_MODULE/ros2/install/turtlebot3_manipulation_gazebo/share/turtlebot3_manipulation_gazebo/models/turtlebot3_home_service_challenge/marker8/model.config
[0.508s] -- Symlinking: /home/jao/Desktop/ros_ws/ITDS331_ROS2_FINAL_EXAM_MODULE/ros2/install/turtlebot3_manipulation_gazebo/share/turtlebot3_manipulation_gazebo/models/turtlebot3_home_service_challenge/marker8/model.sdf
[0.515s] -- Symlinking: /home/jao/Desktop/ros_ws/ITDS331_ROS2_FINAL_EXAM_MODULE/ros2/install/turtlebot3_manipulation_gazebo/share/turtlebot3_manipulation_gazebo/models/turtlebot3_home_service_challenge/marker9/materials/textures/Marker9.png
[0.523s] -- Symlinking: /home/jao/Desktop/ros_ws/ITDS331_ROS2_FINAL_EXAM_MODULE/ros2/install/turtlebot3_manipulation_gazebo/share/turtlebot3_manipulation_gazebo/models/turtlebot3_home_service_challenge/marker9/meshes/Marker9.dae
[0.530s] -- Symlinking: /home/jao/Desktop/ros_ws/ITDS331_ROS2_FINAL_EXAM_MODULE/ros2/install/turtlebot3_manipulation_gazebo/share/turtlebot3_manipulation_gazebo/models/turtlebot3_home_service_challenge/marker9/model-1_4.sdf
[0.536s] -- Symlinking: /home/jao/Desktop/ros_ws/ITDS331_ROS2_FINAL_EXAM_MODULE/ros2/install/turtlebot3_manipulation_gazebo/share/turtlebot3_manipulation_gazebo/models/turtlebot3_home_service_challenge/marker9/model-1_5.sdf
[0.542s] -- Symlinking: /home/jao/Desktop/ros_ws/ITDS331_ROS2_FINAL_EXAM_MODULE/ros2/install/turtlebot3_manipulation_gazebo/share/turtlebot3_manipulation_gazebo/models/turtlebot3_home_service_challenge/marker9/model.config
[0.548s] -- Symlinking: /home/jao/Desktop/ros_ws/ITDS331_ROS2_FINAL_EXAM_MODULE/ros2/install/turtlebot3_manipulation_gazebo/share/turtlebot3_manipulation_gazebo/models/turtlebot3_home_service_challenge/marker9/model.sdf
[0.555s] -- Symlinking: /home/jao/Desktop/ros_ws/ITDS331_ROS2_FINAL_EXAM_MODULE/ros2/install/turtlebot3_manipulation_gazebo/share/turtlebot3_manipulation_gazebo/meshes/open_manipulator_x/gripper_left_palm.stl
[0.562s] -- Symlinking: /home/jao/Desktop/ros_ws/ITDS331_ROS2_FINAL_EXAM_MODULE/ros2/install/turtlebot3_manipulation_gazebo/share/turtlebot3_manipulation_gazebo/meshes/open_manipulator_x/gripper_right_palm.stl
[0.569s] -- Symlinking: /home/jao/Desktop/ros_ws/ITDS331_ROS2_FINAL_EXAM_MODULE/ros2/install/turtlebot3_manipulation_gazebo/share/turtlebot3_manipulation_gazebo/meshes/open_manipulator_x/link1.stl
[0.575s] -- Symlinking: /home/jao/Desktop/ros_ws/ITDS331_ROS2_FINAL_EXAM_MODULE/ros2/install/turtlebot3_manipulation_gazebo/share/turtlebot3_manipulation_gazebo/meshes/open_manipulator_x/link2.stl
[0.582s] -- Symlinking: /home/jao/Desktop/ros_ws/ITDS331_ROS2_FINAL_EXAM_MODULE/ros2/install/turtlebot3_manipulation_gazebo/share/turtlebot3_manipulation_gazebo/meshes/open_manipulator_x/link3.stl
[0.589s] -- Symlinking: /home/jao/Desktop/ros_ws/ITDS331_ROS2_FINAL_EXAM_MODULE/ros2/install/turtlebot3_manipulation_gazebo/share/turtlebot3_manipulation_gazebo/meshes/open_manipulator_x/link4.stl
[0.595s] -- Symlinking: /home/jao/Desktop/ros_ws/ITDS331_ROS2_FINAL_EXAM_MODULE/ros2/install/turtlebot3_manipulation_gazebo/share/turtlebot3_manipulation_gazebo/meshes/open_manipulator_x/link5.stl
[0.603s] -- Symlinking: /home/jao/Desktop/ros_ws/ITDS331_ROS2_FINAL_EXAM_MODULE/ros2/install/turtlebot3_manipulation_gazebo/share/turtlebot3_manipulation_gazebo/meshes/turtlebot3_waffle_pi/base.stl
[0.610s] -- Symlinking: /home/jao/Desktop/ros_ws/ITDS331_ROS2_FINAL_EXAM_MODULE/ros2/install/turtlebot3_manipulation_gazebo/share/turtlebot3_manipulation_gazebo/meshes/turtlebot3_waffle_pi/ladar.stl
[0.617s] -- Symlinking: /home/jao/Desktop/ros_ws/ITDS331_ROS2_FINAL_EXAM_MODULE/ros2/install/turtlebot3_manipulation_gazebo/share/turtlebot3_manipulation_gazebo/meshes/turtlebot3_waffle_pi/left_tire.stl
[0.623s] -- Symlinking: /home/jao/Desktop/ros_ws/ITDS331_ROS2_FINAL_EXAM_MODULE/ros2/install/turtlebot3_manipulation_gazebo/share/turtlebot3_manipulation_gazebo/meshes/turtlebot3_waffle_pi/right_tire.stl
[0.629s] -- Symlinking: /home/jao/Desktop/ros_ws/ITDS331_ROS2_FINAL_EXAM_MODULE/ros2/install/turtlebot3_manipulation_gazebo/share/ament_index/resource_index/package_run_dependencies/turtlebot3_manipulation_gazebo
[0.635s] -- Symlinking: /home/jao/Desktop/ros_ws/ITDS331_ROS2_FINAL_EXAM_MODULE/ros2/install/turtlebot3_manipulation_gazebo/share/ament_index/resource_index/parent_prefix_path/turtlebot3_manipulation_gazebo
[0.641s] -- Symlinking: /home/jao/Desktop/ros_ws/ITDS331_ROS2_FINAL_EXAM_MODULE/ros2/install/turtlebot3_manipulation_gazebo/share/turtlebot3_manipulation_gazebo/environment/ament_prefix_path.sh
[0.647s] -- Symlinking: /home/jao/Desktop/ros_ws/ITDS331_ROS2_FINAL_EXAM_MODULE/ros2/install/turtlebot3_manipulation_gazebo/share/turtlebot3_manipulation_gazebo/environment/ament_prefix_path.dsv
[0.653s] -- Symlinking: /home/jao/Desktop/ros_ws/ITDS331_ROS2_FINAL_EXAM_MODULE/ros2/install/turtlebot3_manipulation_gazebo/share/turtlebot3_manipulation_gazebo/environment/path.sh
[0.660s] -- Symlinking: /home/jao/Desktop/ros_ws/ITDS331_ROS2_FINAL_EXAM_MODULE/ros2/install/turtlebot3_manipulation_gazebo/share/turtlebot3_manipulation_gazebo/environment/path.dsv
[0.667s] -- Symlinking: /home/jao/Desktop/ros_ws/ITDS331_ROS2_FINAL_EXAM_MODULE/ros2/install/turtlebot3_manipulation_gazebo/share/turtlebot3_manipulation_gazebo/local_setup.bash
[0.674s] -- Symlinking: /home/jao/Desktop/ros_ws/ITDS331_ROS2_FINAL_EXAM_MODULE/ros2/install/turtlebot3_manipulation_gazebo/share/turtlebot3_manipulation_gazebo/local_setup.sh
[0.681s] -- Symlinking: /home/jao/Desktop/ros_ws/ITDS331_ROS2_FINAL_EXAM_MODULE/ros2/install/turtlebot3_manipulation_gazebo/share/turtlebot3_manipulation_gazebo/local_setup.zsh
[0.688s] -- Symlinking: /home/jao/Desktop/ros_ws/ITDS331_ROS2_FINAL_EXAM_MODULE/ros2/install/turtlebot3_manipulation_gazebo/share/turtlebot3_manipulation_gazebo/local_setup.dsv
[0.695s] -- Symlinking: /home/jao/Desktop/ros_ws/ITDS331_ROS2_FINAL_EXAM_MODULE/ros2/install/turtlebot3_manipulation_gazebo/share/turtlebot3_manipulation_gazebo/package.dsv
[0.704s] -- Symlinking: /home/jao/Desktop/ros_ws/ITDS331_ROS2_FINAL_EXAM_MODULE/ros2/install/turtlebot3_manipulation_gazebo/share/ament_index/resource_index/packages/turtlebot3_manipulation_gazebo
[0.711s] -- Symlinking: /home/jao/Desktop/ros_ws/ITDS331_ROS2_FINAL_EXAM_MODULE/ros2/install/turtlebot3_manipulation_gazebo/share/turtlebot3_manipulation_gazebo/cmake/turtlebot3_manipulation_gazeboConfig.cmake
[0.717s] -- Symlinking: /home/jao/Desktop/ros_ws/ITDS331_ROS2_FINAL_EXAM_MODULE/ros2/install/turtlebot3_manipulation_gazebo/share/turtlebot3_manipulation_gazebo/cmake/turtlebot3_manipulation_gazeboConfig-version.cmake
[0.726s] -- Symlinking: /home/jao/Desktop/ros_ws/ITDS331_ROS2_FINAL_EXAM_MODULE/ros2/install/turtlebot3_manipulation_gazebo/share/turtlebot3_manipulation_gazebo/package.xml
