[0.058s] DEBUG:colcon:Command line arguments: ['/usr/bin/colcon', 'build', '--packages-skip', 'turtlebot3_gazebo', 'turtlebot3_manipulation_gazebo']
[0.059s] DEBUG:colcon:Parsed command line arguments: Namespace(log_base=None, log_level=None, verb_name='build', build_base='build', install_base='install', merge_install=False, symlink_install=False, test_result_base=None, continue_on_error=False, executor='parallel', parallel_workers=32, event_handlers=None, ignore_user_meta=False, metas=['./colcon.meta'], base_paths=['.'], packages_ignore=None, packages_ignore_regex=None, paths=None, packages_up_to=None, packages_up_to_regex=None, packages_above=None, packages_above_and_dependencies=None, packages_above_depth=None, packages_select_by_dep=None, packages_skip_by_dep=None, packages_skip_up_to=None, packages_select_build_failed=False, packages_skip_build_finished=False, packages_select_test_failures=False, packages_skip_test_passed=False, packages_select=None, packages_skip=['turtlebot3_gazebo', 'turtlebot3_manipulation_gazebo'], packages_select_regex=None, packages_skip_regex=None, packages_start=None, packages_end=None, allow_overriding=[], cmake_args=None, cmake_target=None, cmake_target_skip_unavailable=False, cmake_clean_cache=False, cmake_clean_first=False, cmake_force_configure=False, ament_cmake_args=None, catkin_cmake_args=None, catkin_skip_building_tests=False, mixin_files=None, mixin=None, verb_parser=<colcon_mixin.mixin.mixin_argument.MixinArgumentDecorator object at 0x747c1788b8c0>, verb_extension=<colcon_core.verb.build.BuildVerb object at 0x747c17831970>, main=<bound method BuildVerb.main of <colcon_core.verb.build.BuildVerb object at 0x747c17831970>>, mixin_verb=('build',))
[0.080s] Level 1:colcon.colcon_core.package_discovery:discover_packages(colcon_meta) check parameters
[0.080s] Level 1:colcon.colcon_core.package_discovery:discover_packages(recursive) check parameters
[0.080s] Level 1:colcon.colcon_core.package_discovery:discover_packages(ignore) check parameters
[0.080s] Level 1:colcon.colcon_core.package_discovery:discover_packages(path) check parameters
[0.080s] Level 1:colcon.colcon_core.package_discovery:discover_packages(colcon_meta) discover
[0.080s] Level 1:colcon.colcon_core.package_discovery:discover_packages(recursive) discover
[0.080s] INFO:colcon.colcon_core.package_discovery:Crawling recursively for packages in '/home/jao/Desktop/ros_ws/ITDS331_ROS2_FINAL_EXAM_MODULE/ros2'
[0.080s] Level 1:colcon.colcon_core.package_identification:_identify(.) by extensions ['ignore', 'ignore_ament_install']
[0.080s] Level 1:colcon.colcon_core.package_identification:_identify(.) by extension 'ignore'
[0.080s] Level 1:colcon.colcon_core.package_identification:_identify(.) by extension 'ignore_ament_install'
[0.080s] Level 1:colcon.colcon_core.package_identification:_identify(.) by extensions ['colcon_pkg']
[0.080s] Level 1:colcon.colcon_core.package_identification:_identify(.) by extension 'colcon_pkg'
[0.080s] Level 1:colcon.colcon_core.package_identification:_identify(.) by extensions ['colcon_meta']
[0.080s] Level 1:colcon.colcon_core.package_identification:_identify(.) by extension 'colcon_meta'
[0.080s] Level 1:colcon.colcon_core.package_identification:_identify(.) by extensions ['ros']
[0.080s] Level 1:colcon.colcon_core.package_identification:_identify(.) by extension 'ros'
[0.094s] Level 1:colcon.colcon_core.package_identification:_identify(.) by extensions ['cmake', 'python']
[0.094s] Level 1:colcon.colcon_core.package_identification:_identify(.) by extension 'cmake'
[0.094s] Level 1:colcon.colcon_core.package_identification:_identify(.) by extension 'python'
[0.094s] Level 1:colcon.colcon_core.package_identification:_identify(.) by extensions ['python_setup_py']
[0.094s] Level 1:colcon.colcon_core.package_identification:_identify(.) by extension 'python_setup_py'
[0.094s] Level 1:colcon.colcon_core.package_identification:_identify(build) by extensions ['ignore', 'ignore_ament_install']
[0.094s] Level 1:colcon.colcon_core.package_identification:_identify(build) by extension 'ignore'
[0.094s] Level 1:colcon.colcon_core.package_identification:_identify(build) ignored
[0.094s] Level 1:colcon.colcon_core.package_identification:_identify(install) by extensions ['ignore', 'ignore_ament_install']
[0.094s] Level 1:colcon.colcon_core.package_identification:_identify(install) by extension 'ignore'
[0.094s] Level 1:colcon.colcon_core.package_identification:_identify(install) ignored
[0.094s] Level 1:colcon.colcon_core.package_identification:_identify(log) by extensions ['ignore', 'ignore_ament_install']
[0.094s] Level 1:colcon.colcon_core.package_identification:_identify(log) by extension 'ignore'
[0.094s] Level 1:colcon.colcon_core.package_identification:_identify(log) ignored
[0.094s] Level 1:colcon.colcon_core.package_identification:_identify(src) by extensions ['ignore', 'ignore_ament_install']
[0.094s] Level 1:colcon.colcon_core.package_identification:_identify(src) by extension 'ignore'
[0.095s] Level 1:colcon.colcon_core.package_identification:_identify(src) by extension 'ignore_ament_install'
[0.095s] Level 1:colcon.colcon_core.package_identification:_identify(src) by extensions ['colcon_pkg']
[0.095s] Level 1:colcon.colcon_core.package_identification:_identify(src) by extension 'colcon_pkg'
[0.095s] Level 1:colcon.colcon_core.package_identification:_identify(src) by extensions ['colcon_meta']
[0.095s] Level 1:colcon.colcon_core.package_identification:_identify(src) by extension 'colcon_meta'
[0.095s] Level 1:colcon.colcon_core.package_identification:_identify(src) by extensions ['ros']
[0.095s] Level 1:colcon.colcon_core.package_identification:_identify(src) by extension 'ros'
[0.095s] Level 1:colcon.colcon_core.package_identification:_identify(src) by extensions ['cmake', 'python']
[0.095s] Level 1:colcon.colcon_core.package_identification:_identify(src) by extension 'cmake'
[0.095s] Level 1:colcon.colcon_core.package_identification:_identify(src) by extension 'python'
[0.095s] Level 1:colcon.colcon_core.package_identification:_identify(src) by extensions ['python_setup_py']
[0.095s] Level 1:colcon.colcon_core.package_identification:_identify(src) by extension 'python_setup_py'
[0.095s] Level 1:colcon.colcon_core.package_identification:_identify(src/turtlebot3_simulations) by extensions ['ignore', 'ignore_ament_install']
[0.095s] Level 1:colcon.colcon_core.package_identification:_identify(src/turtlebot3_simulations) by extension 'ignore'
[0.095s] Level 1:colcon.colcon_core.package_identification:_identify(src/turtlebot3_simulations) by extension 'ignore_ament_install'
[0.095s] Level 1:colcon.colcon_core.package_identification:_identify(src/turtlebot3_simulations) by extensions ['colcon_pkg']
[0.095s] Level 1:colcon.colcon_core.package_identification:_identify(src/turtlebot3_simulations) by extension 'colcon_pkg'
[0.095s] Level 1:colcon.colcon_core.package_identification:_identify(src/turtlebot3_simulations) by extensions ['colcon_meta']
[0.095s] Level 1:colcon.colcon_core.package_identification:_identify(src/turtlebot3_simulations) by extension 'colcon_meta'
[0.095s] Level 1:colcon.colcon_core.package_identification:_identify(src/turtlebot3_simulations) by extensions ['ros']
[0.095s] Level 1:colcon.colcon_core.package_identification:_identify(src/turtlebot3_simulations) by extension 'ros'
[0.095s] Level 1:colcon.colcon_core.package_identification:_identify(src/turtlebot3_simulations) by extensions ['cmake', 'python']
[0.095s] Level 1:colcon.colcon_core.package_identification:_identify(src/turtlebot3_simulations) by extension 'cmake'
[0.095s] Level 1:colcon.colcon_core.package_identification:_identify(src/turtlebot3_simulations) by extension 'python'
[0.095s] Level 1:colcon.colcon_core.package_identification:_identify(src/turtlebot3_simulations) by extensions ['python_setup_py']
[0.095s] Level 1:colcon.colcon_core.package_identification:_identify(src/turtlebot3_simulations) by extension 'python_setup_py'
[0.095s] Level 1:colcon.colcon_core.package_identification:_identify(src/turtlebot3_simulations/turtlebot3_fake_node) by extensions ['ignore', 'ignore_ament_install']
[0.095s] Level 1:colcon.colcon_core.package_identification:_identify(src/turtlebot3_simulations/turtlebot3_fake_node) by extension 'ignore'
[0.095s] Level 1:colcon.colcon_core.package_identification:_identify(src/turtlebot3_simulations/turtlebot3_fake_node) by extension 'ignore_ament_install'
[0.095s] Level 1:colcon.colcon_core.package_identification:_identify(src/turtlebot3_simulations/turtlebot3_fake_node) by extensions ['colcon_pkg']
[0.095s] Level 1:colcon.colcon_core.package_identification:_identify(src/turtlebot3_simulations/turtlebot3_fake_node) by extension 'colcon_pkg'
[0.095s] Level 1:colcon.colcon_core.package_identification:_identify(src/turtlebot3_simulations/turtlebot3_fake_node) by extensions ['colcon_meta']
[0.095s] Level 1:colcon.colcon_core.package_identification:_identify(src/turtlebot3_simulations/turtlebot3_fake_node) by extension 'colcon_meta'
[0.095s] Level 1:colcon.colcon_core.package_identification:_identify(src/turtlebot3_simulations/turtlebot3_fake_node) by extensions ['ros']
[0.095s] Level 1:colcon.colcon_core.package_identification:_identify(src/turtlebot3_simulations/turtlebot3_fake_node) by extension 'ros'
[0.097s] DEBUG:colcon.colcon_core.package_identification:Package 'src/turtlebot3_simulations/turtlebot3_fake_node' with type 'ros.ament_cmake' and name 'turtlebot3_fake_node'
[0.097s] Level 1:colcon.colcon_core.package_identification:_identify(src/turtlebot3_simulations/turtlebot3_gazebo) by extensions ['ignore', 'ignore_ament_install']
[0.097s] Level 1:colcon.colcon_core.package_identification:_identify(src/turtlebot3_simulations/turtlebot3_gazebo) by extension 'ignore'
[0.097s] Level 1:colcon.colcon_core.package_identification:_identify(src/turtlebot3_simulations/turtlebot3_gazebo) by extension 'ignore_ament_install'
[0.097s] Level 1:colcon.colcon_core.package_identification:_identify(src/turtlebot3_simulations/turtlebot3_gazebo) by extensions ['colcon_pkg']
[0.097s] Level 1:colcon.colcon_core.package_identification:_identify(src/turtlebot3_simulations/turtlebot3_gazebo) by extension 'colcon_pkg'
[0.097s] Level 1:colcon.colcon_core.package_identification:_identify(src/turtlebot3_simulations/turtlebot3_gazebo) by extensions ['colcon_meta']
[0.097s] Level 1:colcon.colcon_core.package_identification:_identify(src/turtlebot3_simulations/turtlebot3_gazebo) by extension 'colcon_meta'
[0.097s] Level 1:colcon.colcon_core.package_identification:_identify(src/turtlebot3_simulations/turtlebot3_gazebo) by extensions ['ros']
[0.097s] Level 1:colcon.colcon_core.package_identification:_identify(src/turtlebot3_simulations/turtlebot3_gazebo) by extension 'ros'
[0.098s] DEBUG:colcon.colcon_core.package_identification:Package 'src/turtlebot3_simulations/turtlebot3_gazebo' with type 'ros.ament_cmake' and name 'turtlebot3_gazebo'
[0.098s] Level 1:colcon.colcon_core.package_identification:_identify(src/turtlebot3_simulations/turtlebot3_manipulation_gazebo) by extensions ['ignore', 'ignore_ament_install']
[0.098s] Level 1:colcon.colcon_core.package_identification:_identify(src/turtlebot3_simulations/turtlebot3_manipulation_gazebo) by extension 'ignore'
[0.098s] Level 1:colcon.colcon_core.package_identification:_identify(src/turtlebot3_simulations/turtlebot3_manipulation_gazebo) by extension 'ignore_ament_install'
[0.098s] Level 1:colcon.colcon_core.package_identification:_identify(src/turtlebot3_simulations/turtlebot3_manipulation_gazebo) by extensions ['colcon_pkg']
[0.098s] Level 1:colcon.colcon_core.package_identification:_identify(src/turtlebot3_simulations/turtlebot3_manipulation_gazebo) by extension 'colcon_pkg'
[0.098s] Level 1:colcon.colcon_core.package_identification:_identify(src/turtlebot3_simulations/turtlebot3_manipulation_gazebo) by extensions ['colcon_meta']
[0.098s] Level 1:colcon.colcon_core.package_identification:_identify(src/turtlebot3_simulations/turtlebot3_manipulation_gazebo) by extension 'colcon_meta'
[0.098s] Level 1:colcon.colcon_core.package_identification:_identify(src/turtlebot3_simulations/turtlebot3_manipulation_gazebo) by extensions ['ros']
[0.098s] Level 1:colcon.colcon_core.package_identification:_identify(src/turtlebot3_simulations/turtlebot3_manipulation_gazebo) by extension 'ros'
[0.098s] DEBUG:colcon.colcon_core.package_identification:Package 'src/turtlebot3_simulations/turtlebot3_manipulation_gazebo' with type 'ros.ament_cmake' and name 'turtlebot3_manipulation_gazebo'
[0.098s] Level 1:colcon.colcon_core.package_identification:_identify(src/turtlebot3_simulations/turtlebot3_simulations) by extensions ['ignore', 'ignore_ament_install']
[0.098s] Level 1:colcon.colcon_core.package_identification:_identify(src/turtlebot3_simulations/turtlebot3_simulations) by extension 'ignore'
[0.098s] Level 1:colcon.colcon_core.package_identification:_identify(src/turtlebot3_simulations/turtlebot3_simulations) by extension 'ignore_ament_install'
[0.099s] Level 1:colcon.colcon_core.package_identification:_identify(src/turtlebot3_simulations/turtlebot3_simulations) by extensions ['colcon_pkg']
[0.099s] Level 1:colcon.colcon_core.package_identification:_identify(src/turtlebot3_simulations/turtlebot3_simulations) by extension 'colcon_pkg'
[0.099s] Level 1:colcon.colcon_core.package_identification:_identify(src/turtlebot3_simulations/turtlebot3_simulations) by extensions ['colcon_meta']
[0.099s] Level 1:colcon.colcon_core.package_identification:_identify(src/turtlebot3_simulations/turtlebot3_simulations) by extension 'colcon_meta'
[0.099s] Level 1:colcon.colcon_core.package_identification:_identify(src/turtlebot3_simulations/turtlebot3_simulations) by extensions ['ros']
[0.099s] Level 1:colcon.colcon_core.package_identification:_identify(src/turtlebot3_simulations/turtlebot3_simulations) by extension 'ros'
[0.099s] DEBUG:colcon.colcon_core.package_identification:Package 'src/turtlebot3_simulations/turtlebot3_simulations' with type 'ros.ament_cmake' and name 'turtlebot3_simulations'
[0.099s] Level 1:colcon.colcon_core.package_discovery:discover_packages(recursive) using defaults
[0.099s] Level 1:colcon.colcon_core.package_discovery:discover_packages(ignore) discover
[0.099s] Level 1:colcon.colcon_core.package_discovery:discover_packages(ignore) using defaults
[0.099s] Level 1:colcon.colcon_core.package_discovery:discover_packages(path) discover
[0.099s] Level 1:colcon.colcon_core.package_discovery:discover_packages(path) using defaults
[0.108s] INFO:colcon.colcon_core.package_selection:Skipping package 'turtlebot3_gazebo' in 'src/turtlebot3_simulations/turtlebot3_gazebo'
[0.108s] INFO:colcon.colcon_core.package_selection:Skipping package 'turtlebot3_manipulation_gazebo' in 'src/turtlebot3_simulations/turtlebot3_manipulation_gazebo'
[0.108s] Level 1:colcon.colcon_core.package_discovery:discover_packages(prefix_path) check parameters
[0.108s] Level 1:colcon.colcon_core.package_discovery:discover_packages(prefix_path) discover
[0.110s] DEBUG:colcon.colcon_installed_package_information.package_discovery:Found 377 installed packages in /opt/ros/jazzy
[0.111s] Level 1:colcon.colcon_core.package_discovery:discover_packages(prefix_path) using defaults
[0.134s] Level 5:colcon.colcon_core.verb:set package 'turtlebot3_fake_node' build argument 'cmake_args' from command line to 'None'
[0.134s] Level 5:colcon.colcon_core.verb:set package 'turtlebot3_fake_node' build argument 'cmake_target' from command line to 'None'
[0.134s] Level 5:colcon.colcon_core.verb:set package 'turtlebot3_fake_node' build argument 'cmake_target_skip_unavailable' from command line to 'False'
[0.134s] Level 5:colcon.colcon_core.verb:set package 'turtlebot3_fake_node' build argument 'cmake_clean_cache' from command line to 'False'
[0.134s] Level 5:colcon.colcon_core.verb:set package 'turtlebot3_fake_node' build argument 'cmake_clean_first' from command line to 'False'
[0.134s] Level 5:colcon.colcon_core.verb:set package 'turtlebot3_fake_node' build argument 'cmake_force_configure' from command line to 'False'
[0.134s] Level 5:colcon.colcon_core.verb:set package 'turtlebot3_fake_node' build argument 'ament_cmake_args' from command line to 'None'
[0.134s] Level 5:colcon.colcon_core.verb:set package 'turtlebot3_fake_node' build argument 'catkin_cmake_args' from command line to 'None'
[0.134s] Level 5:colcon.colcon_core.verb:set package 'turtlebot3_fake_node' build argument 'catkin_skip_building_tests' from command line to 'False'
[0.134s] DEBUG:colcon.colcon_core.verb:Building package 'turtlebot3_fake_node' with the following arguments: {'ament_cmake_args': None, 'build_base': '/home/jao/Desktop/ros_ws/ITDS331_ROS2_FINAL_EXAM_MODULE/ros2/build/turtlebot3_fake_node', 'catkin_cmake_args': None, 'catkin_skip_building_tests': False, 'cmake_args': None, 'cmake_clean_cache': False, 'cmake_clean_first': False, 'cmake_force_configure': False, 'cmake_target': None, 'cmake_target_skip_unavailable': False, 'install_base': '/home/jao/Desktop/ros_ws/ITDS331_ROS2_FINAL_EXAM_MODULE/ros2/install/turtlebot3_fake_node', 'merge_install': False, 'path': '/home/jao/Desktop/ros_ws/ITDS331_ROS2_FINAL_EXAM_MODULE/ros2/src/turtlebot3_simulations/turtlebot3_fake_node', 'symlink_install': False, 'test_result_base': None}
[0.134s] Level 5:colcon.colcon_core.verb:set package 'turtlebot3_simulations' build argument 'cmake_args' from command line to 'None'
[0.134s] Level 5:colcon.colcon_core.verb:set package 'turtlebot3_simulations' build argument 'cmake_target' from command line to 'None'
[0.134s] Level 5:colcon.colcon_core.verb:set package 'turtlebot3_simulations' build argument 'cmake_target_skip_unavailable' from command line to 'False'
[0.134s] Level 5:colcon.colcon_core.verb:set package 'turtlebot3_simulations' build argument 'cmake_clean_cache' from command line to 'False'
[0.135s] Level 5:colcon.colcon_core.verb:set package 'turtlebot3_simulations' build argument 'cmake_clean_first' from command line to 'False'
[0.135s] Level 5:colcon.colcon_core.verb:set package 'turtlebot3_simulations' build argument 'cmake_force_configure' from command line to 'False'
[0.135s] Level 5:colcon.colcon_core.verb:set package 'turtlebot3_simulations' build argument 'ament_cmake_args' from command line to 'None'
[0.135s] Level 5:colcon.colcon_core.verb:set package 'turtlebot3_simulations' build argument 'catkin_cmake_args' from command line to 'None'
[0.135s] Level 5:colcon.colcon_core.verb:set package 'turtlebot3_simulations' build argument 'catkin_skip_building_tests' from command line to 'False'
[0.135s] DEBUG:colcon.colcon_core.verb:Building package 'turtlebot3_simulations' with the following arguments: {'ament_cmake_args': None, 'build_base': '/home/jao/Desktop/ros_ws/ITDS331_ROS2_FINAL_EXAM_MODULE/ros2/build/turtlebot3_simulations', 'catkin_cmake_args': None, 'catkin_skip_building_tests': False, 'cmake_args': None, 'cmake_clean_cache': False, 'cmake_clean_first': False, 'cmake_force_configure': False, 'cmake_target': None, 'cmake_target_skip_unavailable': False, 'install_base': '/home/jao/Desktop/ros_ws/ITDS331_ROS2_FINAL_EXAM_MODULE/ros2/install/turtlebot3_simulations', 'merge_install': False, 'path': '/home/jao/Desktop/ros_ws/ITDS331_ROS2_FINAL_EXAM_MODULE/ros2/src/turtlebot3_simulations/turtlebot3_simulations', 'symlink_install': False, 'test_result_base': None}
[0.135s] INFO:colcon.colcon_core.executor:Executing jobs using 'parallel' executor
[0.135s] DEBUG:colcon.colcon_parallel_executor.executor.parallel:run_until_complete
[0.135s] INFO:colcon.colcon_ros.task.ament_cmake.build:Building ROS package in '/home/jao/Desktop/ros_ws/ITDS331_ROS2_FINAL_EXAM_MODULE/ros2/src/turtlebot3_simulations/turtlebot3_fake_node' with build type 'ament_cmake'
[0.135s] INFO:colcon.colcon_cmake.task.cmake.build:Building CMake package in '/home/jao/Desktop/ros_ws/ITDS331_ROS2_FINAL_EXAM_MODULE/ros2/src/turtlebot3_simulations/turtlebot3_fake_node'
[0.136s] INFO:colcon.colcon_core.plugin_system:Skipping extension 'colcon_core.shell.bat': Not used on non-Windows systems
[0.136s] INFO:colcon.colcon_core.shell:Skip shell extension 'powershell' for command environment: Not usable outside of PowerShell
[0.137s] DEBUG:colcon.colcon_core.shell:Skip shell extension 'dsv' for command environment
[0.143s] DEBUG:colcon.colcon_core.event_handler.log_command:Invoking command in '/home/jao/Desktop/ros_ws/ITDS331_ROS2_FINAL_EXAM_MODULE/ros2/build/turtlebot3_fake_node': CMAKE_PREFIX_PATH=${CMAKE_PREFIX_PATH}:/opt/ros/jazzy DEBUGINFOD_URLS=https://debuginfod.ubuntu.com /usr/bin/cmake /home/jao/Desktop/ros_ws/ITDS331_ROS2_FINAL_EXAM_MODULE/ros2/src/turtlebot3_simulations/turtlebot3_fake_node -DCMAKE_INSTALL_PREFIX=/home/jao/Desktop/ros_ws/ITDS331_ROS2_FINAL_EXAM_MODULE/ros2/install/turtlebot3_fake_node
[0.604s] DEBUG:colcon.colcon_core.event_handler.log_command:Invoked command in '/home/jao/Desktop/ros_ws/ITDS331_ROS2_FINAL_EXAM_MODULE/ros2/build/turtlebot3_fake_node' returned '0': CMAKE_PREFIX_PATH=${CMAKE_PREFIX_PATH}:/opt/ros/jazzy DEBUGINFOD_URLS=https://debuginfod.ubuntu.com /usr/bin/cmake /home/jao/Desktop/ros_ws/ITDS331_ROS2_FINAL_EXAM_MODULE/ros2/src/turtlebot3_simulations/turtlebot3_fake_node -DCMAKE_INSTALL_PREFIX=/home/jao/Desktop/ros_ws/ITDS331_ROS2_FINAL_EXAM_MODULE/ros2/install/turtlebot3_fake_node
[0.605s] DEBUG:colcon.colcon_core.event_handler.log_command:Invoking command in '/home/jao/Desktop/ros_ws/ITDS331_ROS2_FINAL_EXAM_MODULE/ros2/build/turtlebot3_fake_node': CMAKE_PREFIX_PATH=${CMAKE_PREFIX_PATH}:/opt/ros/jazzy DEBUGINFOD_URLS=https://debuginfod.ubuntu.com /usr/bin/cmake --build /home/jao/Desktop/ros_ws/ITDS331_ROS2_FINAL_EXAM_MODULE/ros2/build/turtlebot3_fake_node -- -j32 -l32
[0.668s] DEBUG:colcon.colcon_core.event_handler.log_command:Invoked command in '/home/jao/Desktop/ros_ws/ITDS331_ROS2_FINAL_EXAM_MODULE/ros2/build/turtlebot3_fake_node' returned '0': CMAKE_PREFIX_PATH=${CMAKE_PREFIX_PATH}:/opt/ros/jazzy DEBUGINFOD_URLS=https://debuginfod.ubuntu.com /usr/bin/cmake --build /home/jao/Desktop/ros_ws/ITDS331_ROS2_FINAL_EXAM_MODULE/ros2/build/turtlebot3_fake_node -- -j32 -l32
[0.676s] DEBUG:colcon.colcon_core.event_handler.log_command:Invoking command in '/home/jao/Desktop/ros_ws/ITDS331_ROS2_FINAL_EXAM_MODULE/ros2/build/turtlebot3_fake_node': CMAKE_PREFIX_PATH=${CMAKE_PREFIX_PATH}:/opt/ros/jazzy DEBUGINFOD_URLS=https://debuginfod.ubuntu.com /usr/bin/cmake --install /home/jao/Desktop/ros_ws/ITDS331_ROS2_FINAL_EXAM_MODULE/ros2/build/turtlebot3_fake_node
[0.845s] Level 1:colcon.colcon_core.environment:create_environment_scripts_only(turtlebot3_fake_node)
[0.846s] DEBUG:colcon.colcon_core.event_handler.log_command:Invoked command in '/home/jao/Desktop/ros_ws/ITDS331_ROS2_FINAL_EXAM_MODULE/ros2/build/turtlebot3_fake_node' returned '0': CMAKE_PREFIX_PATH=${CMAKE_PREFIX_PATH}:/opt/ros/jazzy DEBUGINFOD_URLS=https://debuginfod.ubuntu.com /usr/bin/cmake --install /home/jao/Desktop/ros_ws/ITDS331_ROS2_FINAL_EXAM_MODULE/ros2/build/turtlebot3_fake_node
[0.847s] Level 1:colcon.colcon_core.environment:checking '/home/jao/Desktop/ros_ws/ITDS331_ROS2_FINAL_EXAM_MODULE/ros2/install/turtlebot3_fake_node' for CMake module files
[0.848s] Level 1:colcon.colcon_core.environment:checking '/home/jao/Desktop/ros_ws/ITDS331_ROS2_FINAL_EXAM_MODULE/ros2/install/turtlebot3_fake_node' for CMake config files
[0.848s] Level 1:colcon.colcon_core.shell:create_environment_hook('turtlebot3_fake_node', 'cmake_prefix_path')
[0.848s] INFO:colcon.colcon_core.shell:Creating environment hook '/home/jao/Desktop/ros_ws/ITDS331_ROS2_FINAL_EXAM_MODULE/ros2/install/turtlebot3_fake_node/share/turtlebot3_fake_node/hook/cmake_prefix_path.ps1'
[0.848s] INFO:colcon.colcon_core.shell:Creating environment descriptor '/home/jao/Desktop/ros_ws/ITDS331_ROS2_FINAL_EXAM_MODULE/ros2/install/turtlebot3_fake_node/share/turtlebot3_fake_node/hook/cmake_prefix_path.dsv'
[0.849s] INFO:colcon.colcon_core.shell:Creating environment hook '/home/jao/Desktop/ros_ws/ITDS331_ROS2_FINAL_EXAM_MODULE/ros2/install/turtlebot3_fake_node/share/turtlebot3_fake_node/hook/cmake_prefix_path.sh'
[0.849s] Level 1:colcon.colcon_core.environment:checking '/home/jao/Desktop/ros_ws/ITDS331_ROS2_FINAL_EXAM_MODULE/ros2/install/turtlebot3_fake_node/lib'
[0.849s] Level 1:colcon.colcon_core.environment:checking '/home/jao/Desktop/ros_ws/ITDS331_ROS2_FINAL_EXAM_MODULE/ros2/install/turtlebot3_fake_node/bin'
[0.849s] Level 1:colcon.colcon_core.environment:checking '/home/jao/Desktop/ros_ws/ITDS331_ROS2_FINAL_EXAM_MODULE/ros2/install/turtlebot3_fake_node/lib/pkgconfig/turtlebot3_fake_node.pc'
[0.850s] Level 1:colcon.colcon_core.environment:checking '/home/jao/Desktop/ros_ws/ITDS331_ROS2_FINAL_EXAM_MODULE/ros2/install/turtlebot3_fake_node/lib/python3.12/site-packages'
[0.850s] Level 1:colcon.colcon_core.environment:checking '/home/jao/Desktop/ros_ws/ITDS331_ROS2_FINAL_EXAM_MODULE/ros2/install/turtlebot3_fake_node/bin'
[0.850s] INFO:colcon.colcon_core.shell:Creating package script '/home/jao/Desktop/ros_ws/ITDS331_ROS2_FINAL_EXAM_MODULE/ros2/install/turtlebot3_fake_node/share/turtlebot3_fake_node/package.ps1'
[0.850s] INFO:colcon.colcon_core.shell:Creating package descriptor '/home/jao/Desktop/ros_ws/ITDS331_ROS2_FINAL_EXAM_MODULE/ros2/install/turtlebot3_fake_node/share/turtlebot3_fake_node/package.dsv'
[0.851s] INFO:colcon.colcon_core.shell:Creating package script '/home/jao/Desktop/ros_ws/ITDS331_ROS2_FINAL_EXAM_MODULE/ros2/install/turtlebot3_fake_node/share/turtlebot3_fake_node/package.sh'
[0.851s] INFO:colcon.colcon_core.shell:Creating package script '/home/jao/Desktop/ros_ws/ITDS331_ROS2_FINAL_EXAM_MODULE/ros2/install/turtlebot3_fake_node/share/turtlebot3_fake_node/package.bash'
[0.851s] INFO:colcon.colcon_core.shell:Creating package script '/home/jao/Desktop/ros_ws/ITDS331_ROS2_FINAL_EXAM_MODULE/ros2/install/turtlebot3_fake_node/share/turtlebot3_fake_node/package.zsh'
[0.851s] Level 1:colcon.colcon_core.environment:create_file_with_runtime_dependencies(/home/jao/Desktop/ros_ws/ITDS331_ROS2_FINAL_EXAM_MODULE/ros2/install/turtlebot3_fake_node/share/colcon-core/packages/turtlebot3_fake_node)
[0.852s] Level 1:colcon.colcon_core.environment:create_environment_scripts_only(turtlebot3_fake_node)
[0.852s] Level 1:colcon.colcon_core.environment:checking '/home/jao/Desktop/ros_ws/ITDS331_ROS2_FINAL_EXAM_MODULE/ros2/install/turtlebot3_fake_node' for CMake module files
[0.852s] Level 1:colcon.colcon_core.environment:checking '/home/jao/Desktop/ros_ws/ITDS331_ROS2_FINAL_EXAM_MODULE/ros2/install/turtlebot3_fake_node' for CMake config files
[0.852s] Level 1:colcon.colcon_core.shell:create_environment_hook('turtlebot3_fake_node', 'cmake_prefix_path')
[0.852s] INFO:colcon.colcon_core.shell:Creating environment hook '/home/jao/Desktop/ros_ws/ITDS331_ROS2_FINAL_EXAM_MODULE/ros2/install/turtlebot3_fake_node/share/turtlebot3_fake_node/hook/cmake_prefix_path.ps1'
[0.853s] INFO:colcon.colcon_core.shell:Creating environment descriptor '/home/jao/Desktop/ros_ws/ITDS331_ROS2_FINAL_EXAM_MODULE/ros2/install/turtlebot3_fake_node/share/turtlebot3_fake_node/hook/cmake_prefix_path.dsv'
[0.853s] INFO:colcon.colcon_core.shell:Creating environment hook '/home/jao/Desktop/ros_ws/ITDS331_ROS2_FINAL_EXAM_MODULE/ros2/install/turtlebot3_fake_node/share/turtlebot3_fake_node/hook/cmake_prefix_path.sh'
[0.853s] Level 1:colcon.colcon_core.environment:checking '/home/jao/Desktop/ros_ws/ITDS331_ROS2_FINAL_EXAM_MODULE/ros2/install/turtlebot3_fake_node/lib'
[0.853s] Level 1:colcon.colcon_core.environment:checking '/home/jao/Desktop/ros_ws/ITDS331_ROS2_FINAL_EXAM_MODULE/ros2/install/turtlebot3_fake_node/bin'
[0.853s] Level 1:colcon.colcon_core.environment:checking '/home/jao/Desktop/ros_ws/ITDS331_ROS2_FINAL_EXAM_MODULE/ros2/install/turtlebot3_fake_node/lib/pkgconfig/turtlebot3_fake_node.pc'
[0.853s] Level 1:colcon.colcon_core.environment:checking '/home/jao/Desktop/ros_ws/ITDS331_ROS2_FINAL_EXAM_MODULE/ros2/install/turtlebot3_fake_node/lib/python3.12/site-packages'
[0.853s] Level 1:colcon.colcon_core.environment:checking '/home/jao/Desktop/ros_ws/ITDS331_ROS2_FINAL_EXAM_MODULE/ros2/install/turtlebot3_fake_node/bin'
[0.853s] INFO:colcon.colcon_core.shell:Creating package script '/home/jao/Desktop/ros_ws/ITDS331_ROS2_FINAL_EXAM_MODULE/ros2/install/turtlebot3_fake_node/share/turtlebot3_fake_node/package.ps1'
[0.854s] INFO:colcon.colcon_core.shell:Creating package descriptor '/home/jao/Desktop/ros_ws/ITDS331_ROS2_FINAL_EXAM_MODULE/ros2/install/turtlebot3_fake_node/share/turtlebot3_fake_node/package.dsv'
[0.854s] INFO:colcon.colcon_core.shell:Creating package script '/home/jao/Desktop/ros_ws/ITDS331_ROS2_FINAL_EXAM_MODULE/ros2/install/turtlebot3_fake_node/share/turtlebot3_fake_node/package.sh'
[0.854s] INFO:colcon.colcon_core.shell:Creating package script '/home/jao/Desktop/ros_ws/ITDS331_ROS2_FINAL_EXAM_MODULE/ros2/install/turtlebot3_fake_node/share/turtlebot3_fake_node/package.bash'
[0.854s] INFO:colcon.colcon_core.shell:Creating package script '/home/jao/Desktop/ros_ws/ITDS331_ROS2_FINAL_EXAM_MODULE/ros2/install/turtlebot3_fake_node/share/turtlebot3_fake_node/package.zsh'
[0.855s] Level 1:colcon.colcon_core.environment:create_file_with_runtime_dependencies(/home/jao/Desktop/ros_ws/ITDS331_ROS2_FINAL_EXAM_MODULE/ros2/install/turtlebot3_fake_node/share/colcon-core/packages/turtlebot3_fake_node)
[0.855s] INFO:colcon.colcon_ros.task.ament_cmake.build:Building ROS package in '/home/jao/Desktop/ros_ws/ITDS331_ROS2_FINAL_EXAM_MODULE/ros2/src/turtlebot3_simulations/turtlebot3_simulations' with build type 'ament_cmake'
[0.855s] INFO:colcon.colcon_cmake.task.cmake.build:Building CMake package in '/home/jao/Desktop/ros_ws/ITDS331_ROS2_FINAL_EXAM_MODULE/ros2/src/turtlebot3_simulations/turtlebot3_simulations'
[0.855s] INFO:colcon.colcon_core.shell:Skip shell extension 'powershell' for command environment: Not usable outside of PowerShell
[0.855s] DEBUG:colcon.colcon_core.shell:Skip shell extension 'dsv' for command environment
[0.857s] ERROR:colcon.colcon_cmake.task.cmake.build:Failed to find the following files:
- /home/jao/Desktop/ros_ws/ITDS331_ROS2_FINAL_EXAM_MODULE/ros2/install/turtlebot3_manipulation_gazebo/share/turtlebot3_manipulation_gazebo/package.sh
Check that the following packages have been built:
- turtlebot3_manipulation_gazebo
[0.857s] Level 1:colcon.colcon_core.environment:create_environment_scripts_only(turtlebot3_simulations)
[0.857s] Level 1:colcon.colcon_core.environment:checking '/home/jao/Desktop/ros_ws/ITDS331_ROS2_FINAL_EXAM_MODULE/ros2/install/turtlebot3_simulations' for CMake module files
[0.857s] Level 1:colcon.colcon_core.environment:checking '/home/jao/Desktop/ros_ws/ITDS331_ROS2_FINAL_EXAM_MODULE/ros2/install/turtlebot3_simulations' for CMake config files
[0.857s] Level 1:colcon.colcon_core.environment:checking '/home/jao/Desktop/ros_ws/ITDS331_ROS2_FINAL_EXAM_MODULE/ros2/install/turtlebot3_simulations/bin'
[0.857s] Level 1:colcon.colcon_core.environment:checking '/home/jao/Desktop/ros_ws/ITDS331_ROS2_FINAL_EXAM_MODULE/ros2/install/turtlebot3_simulations/lib/pkgconfig/turtlebot3_simulations.pc'
[0.857s] Level 1:colcon.colcon_core.environment:checking '/home/jao/Desktop/ros_ws/ITDS331_ROS2_FINAL_EXAM_MODULE/ros2/install/turtlebot3_simulations/lib/python3.12/site-packages'
[0.857s] Level 1:colcon.colcon_core.environment:checking '/home/jao/Desktop/ros_ws/ITDS331_ROS2_FINAL_EXAM_MODULE/ros2/install/turtlebot3_simulations/bin'
[0.858s] INFO:colcon.colcon_core.shell:Creating package script '/home/jao/Desktop/ros_ws/ITDS331_ROS2_FINAL_EXAM_MODULE/ros2/install/turtlebot3_simulations/share/turtlebot3_simulations/package.ps1'
[0.858s] INFO:colcon.colcon_core.shell:Creating package descriptor '/home/jao/Desktop/ros_ws/ITDS331_ROS2_FINAL_EXAM_MODULE/ros2/install/turtlebot3_simulations/share/turtlebot3_simulations/package.dsv'
[0.858s] INFO:colcon.colcon_core.shell:Creating package script '/home/jao/Desktop/ros_ws/ITDS331_ROS2_FINAL_EXAM_MODULE/ros2/install/turtlebot3_simulations/share/turtlebot3_simulations/package.sh'
[0.858s] INFO:colcon.colcon_core.shell:Creating package script '/home/jao/Desktop/ros_ws/ITDS331_ROS2_FINAL_EXAM_MODULE/ros2/install/turtlebot3_simulations/share/turtlebot3_simulations/package.bash'
[0.858s] INFO:colcon.colcon_core.shell:Creating package script '/home/jao/Desktop/ros_ws/ITDS331_ROS2_FINAL_EXAM_MODULE/ros2/install/turtlebot3_simulations/share/turtlebot3_simulations/package.zsh'
[0.858s] Level 1:colcon.colcon_core.environment:create_file_with_runtime_dependencies(/home/jao/Desktop/ros_ws/ITDS331_ROS2_FINAL_EXAM_MODULE/ros2/install/turtlebot3_simulations/share/colcon-core/packages/turtlebot3_simulations)
[0.869s] DEBUG:colcon.colcon_parallel_executor.executor.parallel:closing loop
[0.869s] DEBUG:colcon.colcon_parallel_executor.executor.parallel:loop closed
[0.869s] DEBUG:colcon.colcon_parallel_executor.executor.parallel:run_until_complete finished with '1'
[0.869s] DEBUG:colcon.colcon_core.event_reactor:joining thread
[0.872s] INFO:colcon.colcon_core.plugin_system:Skipping extension 'colcon_notification.desktop_notification.terminal_notifier': Not used on non-Darwin systems
[0.872s] INFO:colcon.colcon_core.plugin_system:Skipping extension 'colcon_notification.desktop_notification.win32': Not used on non-Windows systems
[0.872s] INFO:colcon.colcon_notification.desktop_notification:Sending desktop notification using 'notify2'
[0.879s] DEBUG:colcon.colcon_core.event_reactor:joined thread
[0.879s] INFO:colcon.colcon_core.shell:Creating prefix script '/home/jao/Desktop/ros_ws/ITDS331_ROS2_FINAL_EXAM_MODULE/ros2/install/local_setup.ps1'
[0.879s] INFO:colcon.colcon_core.shell:Creating prefix util module '/home/jao/Desktop/ros_ws/ITDS331_ROS2_FINAL_EXAM_MODULE/ros2/install/_local_setup_util_ps1.py'
[0.880s] INFO:colcon.colcon_core.shell:Creating prefix chain script '/home/jao/Desktop/ros_ws/ITDS331_ROS2_FINAL_EXAM_MODULE/ros2/install/setup.ps1'
[0.880s] INFO:colcon.colcon_core.shell:Creating prefix script '/home/jao/Desktop/ros_ws/ITDS331_ROS2_FINAL_EXAM_MODULE/ros2/install/local_setup.sh'
[0.881s] INFO:colcon.colcon_core.shell:Creating prefix util module '/home/jao/Desktop/ros_ws/ITDS331_ROS2_FINAL_EXAM_MODULE/ros2/install/_local_setup_util_sh.py'
[0.881s] INFO:colcon.colcon_core.shell:Creating prefix chain script '/home/jao/Desktop/ros_ws/ITDS331_ROS2_FINAL_EXAM_MODULE/ros2/install/setup.sh'
[0.881s] INFO:colcon.colcon_core.shell:Creating prefix script '/home/jao/Desktop/ros_ws/ITDS331_ROS2_FINAL_EXAM_MODULE/ros2/install/local_setup.bash'
[0.882s] INFO:colcon.colcon_core.shell:Creating prefix chain script '/home/jao/Desktop/ros_ws/ITDS331_ROS2_FINAL_EXAM_MODULE/ros2/install/setup.bash'
[0.882s] INFO:colcon.colcon_core.shell:Creating prefix script '/home/jao/Desktop/ros_ws/ITDS331_ROS2_FINAL_EXAM_MODULE/ros2/install/local_setup.zsh'
[0.882s] INFO:colcon.colcon_core.shell:Creating prefix chain script '/home/jao/Desktop/ros_ws/ITDS331_ROS2_FINAL_EXAM_MODULE/ros2/install/setup.zsh'
