[0.009s] Invoking command in '/home/jao/Desktop/ros_ws/ITDS331_ROS2_FINAL_EXAM_MODULE/ros2/build/turtlebot3_gazebo': CMAKE_PREFIX_PATH=${CMAKE_PREFIX_PATH}:/opt/ros/jazzy DEBUGINFOD_URLS=https://debuginfod.ubuntu.com /usr/bin/cmake /home/jao/Desktop/ros_ws/ITDS331_ROS2_FINAL_EXAM_MODULE/ros2/src/turtlebot3_simulations/turtlebot3_gazebo -DAMENT_CMAKE_SYMLINK_INSTALL=1 -DCMAKE_INSTALL_PREFIX=/home/jao/Desktop/ros_ws/ITDS331_ROS2_FINAL_EXAM_MODULE/ros2/install/turtlebot3_gazebo
[0.017s] -- Found ament_cmake: 2.5.4 (/opt/ros/jazzy/share/ament_cmake/cmake)
[0.140s] -- Override CMake install command with custom implementation using symlinks instead of copying resources
[0.154s] [31mCMake Error at CMakeLists.txt:23 (find_package):
[0.154s]   By not providing "Findgazebo.cmake" in CMAKE_MODULE_PATH this project has
[0.154s]   asked CMake to find a package configuration file provided by "gazebo", but
[0.154s]   CMake did not find one.
[0.154s] 
[0.154s]   Could not find a package configuration file provided by "gazebo" with any
[0.155s]   of the following names:
[0.155s] 
[0.155s]     gazeboConfig.cmake
[0.155s]     gazebo-config.cmake
[0.155s] 
[0.155s]   Add the installation prefix of "gazebo" to CMAKE_PREFIX_PATH or set
[0.155s]   "gazebo_DIR" to a directory containing one of the above files.  If "gazebo"
[0.155s]   provides a separate development package or SDK, be sure it has been
[0.155s]   installed.
[0.155s] 
[0.155s] [0m
[0.155s] -- Configuring incomplete, errors occurred!
[0.157s] Invoked command in '/home/jao/Desktop/ros_ws/ITDS331_ROS2_FINAL_EXAM_MODULE/ros2/build/turtlebot3_gazebo' returned '1': CMAKE_PREFIX_PATH=${CMAKE_PREFIX_PATH}:/opt/ros/jazzy DEBUGINFOD_URLS=https://debuginfod.ubuntu.com /usr/bin/cmake /home/jao/Desktop/ros_ws/ITDS331_ROS2_FINAL_EXAM_MODULE/ros2/src/turtlebot3_simulations/turtlebot3_gazebo -DAMENT_CMAKE_SYMLINK_INSTALL=1 -DCMAKE_INSTALL_PREFIX=/home/jao/Desktop/ros_ws/ITDS331_ROS2_FINAL_EXAM_MODULE/ros2/install/turtlebot3_gazebo
