-- Found ament_cmake: 2.5.4 (/opt/ros/jazzy/share/ament_cmake/cmake)
-- Override CMake install command with custom implementation using symlinks instead of copying resources
-- Found geometry_msgs: 5.3.6 (/opt/ros/jazzy/share/geometry_msgs/cmake)
-- Found rosidl_generator_c: 4.6.6 (/opt/ros/jazzy/share/rosidl_generator_c/cmake)
-- Found rosidl_generator_cpp: 4.6.6 (/opt/ros/jazzy/share/rosidl_generator_cpp/cmake)
-- Using all available rosidl_typesupport_c: rosidl_typesupport_fastrtps_c;rosidl_typesupport_introspection_c
-- Using all available rosidl_typesupport_cpp: rosidl_typesupport_fastrtps_cpp;rosidl_typesupport_introspection_cpp
-- Found nav_msgs: 5.3.6 (/opt/ros/jazzy/share/nav_msgs/cmake)
-- Found rclcpp: 28.1.12 (/opt/ros/jazzy/share/rclcpp/cmake)
-- Found rmw_implementation_cmake: 7.3.2 (/opt/ros/jazzy/share/rmw_implementation_cmake/cmake)
-- Found rmw_fastrtps_cpp: 8.4.3 (/opt/ros/jazzy/share/rmw_fastrtps_cpp/cmake)
-- Using RMW implementation 'rmw_fastrtps_cpp' as default
-- Found sensor_msgs: 5.3.6 (/opt/ros/jazzy/share/sensor_msgs/cmake)
-- Found tf2: 0.36.14 (/opt/ros/jazzy/share/tf2/cmake)
-- Found tf2_msgs: 0.36.14 (/opt/ros/jazzy/share/tf2_msgs/cmake)
-- Found turtlebot3_msgs: 2.4.0 (/opt/ros/jazzy/share/turtlebot3_msgs/cmake)
-- Configuring done (0.4s)
-- Generating done (0.0s)
-- Build files have been written to: /home/jao/Desktop/ITDS331_ROS2_FINAL_EXAM_MODULE/ros2/build/turtlebot3_fake_node
[ 50%] [32mBuilding CXX object CMakeFiles/turtlebot3_fake_node.dir/src/turtlebot3_fake_node.cpp.o[0m
[100%] [32m[1mLinking CXX executable turtlebot3_fake_node[0m
[100%] Built target turtlebot3_fake_node
-- Install configuration: ""
-- Execute custom install script
-- Symlinking: /home/jao/Desktop/ITDS331_ROS2_FINAL_EXAM_MODULE/ros2/install/turtlebot3_fake_node/lib/turtlebot3_fake_node/turtlebot3_fake_node
-- Symlinking: /home/jao/Desktop/ITDS331_ROS2_FINAL_EXAM_MODULE/ros2/install/turtlebot3_fake_node/share/turtlebot3_fake_node/launch/rviz2.launch.py
-- Symlinking: /home/jao/Desktop/ITDS331_ROS2_FINAL_EXAM_MODULE/ros2/install/turtlebot3_fake_node/share/turtlebot3_fake_node/launch/turtlebot3_fake_node.launch.py
-- Symlinking: /home/jao/Desktop/ITDS331_ROS2_FINAL_EXAM_MODULE/ros2/install/turtlebot3_fake_node/share/turtlebot3_fake_node/param/burger.yaml
-- Symlinking: /home/jao/Desktop/ITDS331_ROS2_FINAL_EXAM_MODULE/ros2/install/turtlebot3_fake_node/share/turtlebot3_fake_node/param/waffle.yaml
-- Symlinking: /home/jao/Desktop/ITDS331_ROS2_FINAL_EXAM_MODULE/ros2/install/turtlebot3_fake_node/share/turtlebot3_fake_node/param/waffle_pi.yaml
-- Symlinking: /home/jao/Desktop/ITDS331_ROS2_FINAL_EXAM_MODULE/ros2/install/turtlebot3_fake_node/include//turtlebot3_fake_node/turtlebot3_fake_node.hpp
-- Symlinking: /home/jao/Desktop/ITDS331_ROS2_FINAL_EXAM_MODULE/ros2/install/turtlebot3_fake_node/share/ament_index/resource_index/package_run_dependencies/turtlebot3_fake_node
-- Symlinking: /home/jao/Desktop/ITDS331_ROS2_FINAL_EXAM_MODULE/ros2/install/turtlebot3_fake_node/share/ament_index/resource_index/parent_prefix_path/turtlebot3_fake_node
-- Symlinking: /home/jao/Desktop/ITDS331_ROS2_FINAL_EXAM_MODULE/ros2/install/turtlebot3_fake_node/share/turtlebot3_fake_node/environment/ament_prefix_path.sh
-- Symlinking: /home/jao/Desktop/ITDS331_ROS2_FINAL_EXAM_MODULE/ros2/install/turtlebot3_fake_node/share/turtlebot3_fake_node/environment/ament_prefix_path.dsv
-- Symlinking: /home/jao/Desktop/ITDS331_ROS2_FINAL_EXAM_MODULE/ros2/install/turtlebot3_fake_node/share/turtlebot3_fake_node/environment/path.sh
-- Symlinking: /home/jao/Desktop/ITDS331_ROS2_FINAL_EXAM_MODULE/ros2/install/turtlebot3_fake_node/share/turtlebot3_fake_node/environment/path.dsv
-- Symlinking: /home/jao/Desktop/ITDS331_ROS2_FINAL_EXAM_MODULE/ros2/install/turtlebot3_fake_node/share/turtlebot3_fake_node/local_setup.bash
-- Symlinking: /home/jao/Desktop/ITDS331_ROS2_FINAL_EXAM_MODULE/ros2/install/turtlebot3_fake_node/share/turtlebot3_fake_node/local_setup.sh
-- Symlinking: /home/jao/Desktop/ITDS331_ROS2_FINAL_EXAM_MODULE/ros2/install/turtlebot3_fake_node/share/turtlebot3_fake_node/local_setup.zsh
-- Symlinking: /home/jao/Desktop/ITDS331_ROS2_FINAL_EXAM_MODULE/ros2/install/turtlebot3_fake_node/share/turtlebot3_fake_node/local_setup.dsv
-- Symlinking: /home/jao/Desktop/ITDS331_ROS2_FINAL_EXAM_MODULE/ros2/install/turtlebot3_fake_node/share/turtlebot3_fake_node/package.dsv
-- Symlinking: /home/jao/Desktop/ITDS331_ROS2_FINAL_EXAM_MODULE/ros2/install/turtlebot3_fake_node/share/ament_index/resource_index/packages/turtlebot3_fake_node
-- Symlinking: /home/jao/Desktop/ITDS331_ROS2_FINAL_EXAM_MODULE/ros2/install/turtlebot3_fake_node/share/turtlebot3_fake_node/cmake/ament_cmake_export_include_directories-extras.cmake
-- Symlinking: /home/jao/Desktop/ITDS331_ROS2_FINAL_EXAM_MODULE/ros2/install/turtlebot3_fake_node/share/turtlebot3_fake_node/cmake/ament_cmake_export_dependencies-extras.cmake
-- Symlinking: /home/jao/Desktop/ITDS331_ROS2_FINAL_EXAM_MODULE/ros2/install/turtlebot3_fake_node/share/turtlebot3_fake_node/cmake/turtlebot3_fake_nodeConfig.cmake
-- Symlinking: /home/jao/Desktop/ITDS331_ROS2_FINAL_EXAM_MODULE/ros2/install/turtlebot3_fake_node/share/turtlebot3_fake_node/cmake/turtlebot3_fake_nodeConfig-version.cmake
-- Symlinking: /home/jao/Desktop/ITDS331_ROS2_FINAL_EXAM_MODULE/ros2/install/turtlebot3_fake_node/share/turtlebot3_fake_node/package.xml
