[0.008s] Invoking command in '/home/jao/Desktop/ITDS331_ROS2_FINAL_EXAM_MODULE/ros2/build/turtlebot3_gazebo': CMAKE_PREFIX_PATH=${CMAKE_PREFIX_PATH}:/home/jao/Desktop/ITDS331_ROS2_FINAL_EXAM_MODULE/ros2/install/restaurant_robot:/opt/ros/jazzy DEBUGINFOD_URLS=https://debuginfod.ubuntu.com /usr/bin/cmake /home/jao/Desktop/ITDS331_ROS2_FINAL_EXAM_MODULE/ros2/src/turtlebot3_simulations/turtlebot3_gazebo -DAMENT_CMAKE_SYMLINK_INSTALL=1 -DCMAKE_INSTALL_PREFIX=/home/jao/Desktop/ITDS331_ROS2_FINAL_EXAM_MODULE/ros2/install/turtlebot3_gazebo
[0.047s] -- The C compiler identification is GNU 13.3.0
[0.084s] -- The CXX compiler identification is GNU 13.3.0
[0.097s] -- Detecting C compiler ABI info
[0.161s] -- Detecting C compiler ABI info - done
[0.167s] -- Check for working C compiler: /usr/bin/cc - skipped
[0.167s] -- Detecting C compile features
[0.167s] -- Detecting C compile features - done
[0.175s] -- Detecting CXX compiler ABI info
[0.246s] -- Detecting CXX compiler ABI info - done
[0.251s] -- Check for working CXX compiler: /usr/bin/c++ - skipped
[0.251s] -- Detecting CXX compile features
[0.251s] -- Detecting CXX compile features - done
[0.255s] -- Found ament_cmake: 2.5.4 (/opt/ros/jazzy/share/ament_cmake/cmake)
[0.360s] -- Found Python3: /usr/bin/python3 (found version "3.12.3") found components: Interpreter 
[0.406s] -- Override CMake install command with custom implementation using symlinks instead of copying resources
[0.449s] -- Found ros_gz_sim: 1.0.16 (/opt/ros/jazzy/share/ros_gz_sim/cmake)
[0.494s] -- Found rosidl_generator_c: 4.6.6 (/opt/ros/jazzy/share/rosidl_generator_c/cmake)
[0.507s] -- Found rosidl_generator_cpp: 4.6.6 (/opt/ros/jazzy/share/rosidl_generator_cpp/cmake)
[0.522s] -- Using all available rosidl_typesupport_c: rosidl_typesupport_fastrtps_c;rosidl_typesupport_introspection_c
[0.537s] -- Using all available rosidl_typesupport_cpp: rosidl_typesupport_fastrtps_cpp;rosidl_typesupport_introspection_cpp
[0.600s] -- Found rmw_implementation_cmake: 7.3.2 (/opt/ros/jazzy/share/rmw_implementation_cmake/cmake)
[0.603s] -- Found rmw_fastrtps_cpp: 8.4.3 (/opt/ros/jazzy/share/rmw_fastrtps_cpp/cmake)
[0.675s] -- Found OpenSSL: /usr/lib/x86_64-linux-gnu/libcrypto.so (found version "3.0.13")  
[0.691s] -- Found FastRTPS: /opt/ros/jazzy/include (Required is at least version "2.13") 
[0.710s] -- Using RMW implementation 'rmw_fastrtps_cpp' as default
[0.902s] -- Found nav_msgs: 5.3.6 (/opt/ros/jazzy/share/nav_msgs/cmake)
[0.923s] -- Found sensor_msgs: 5.3.6 (/opt/ros/jazzy/share/sensor_msgs/cmake)
[0.942s] -- Found gz_math_vendor: 0.0.8 (/opt/ros/jazzy/share/gz_math_vendor/cmake)
[0.951s] -- Looking for gz-math7 -- found version 7.5.2
[0.956s] -- Searching for dependencies of gz-math7
[0.958s] -- Looking for gz-utils2 -- found version 2.2.1
[0.958s] -- Searching for dependencies of gz-utils2
[0.962s] -- Found gz_sim_vendor: 0.0.8 (/opt/ros/jazzy/share/gz_sim_vendor/cmake)
[1.012s] -- Looking for gz-sim8 -- found version 8.9.0
[1.012s] -- Searching for dependencies of gz-sim8
[1.014s] -- Looking for sdformat14 -- found version 14.8.0
[1.014s] -- Searching for dependencies of sdformat14
[1.017s] -- Checking for module 'tinyxml2'
[1.030s] --   Found tinyxml2, version 10.0.0
[1.060s] -- Looking for gz-math7 -- found version 7.5.2
[1.060s] -- Looking for gz-utils2 -- found version 2.2.1
[1.060s] -- Searching for dependencies of gz-utils2
[1.060s] -- Searching for <gz-utils2> component [cli]
[1.063s] -- Looking for gz-utils2-cli -- found version 2.2.1
[1.063s] -- Searching for dependencies of gz-utils2-cli
[1.066s] -- Looking for gz-plugin2 -- found version 2.0.4
[1.066s] -- Searching for dependencies of gz-plugin2
[1.066s] -- Looking for gz-utils2 -- found version 2.2.1
[1.066s] -- Searching for <gz-plugin2> component [loader]
[1.068s] -- Looking for gz-plugin2-loader -- found version 2.0.4
[1.068s] -- Searching for dependencies of gz-plugin2-loader
[1.069s] -- Searching for <gz-plugin2> component [register]
[1.071s] -- Looking for gz-plugin2-register -- found version 2.0.4
[1.071s] -- Searching for dependencies of gz-plugin2-register
[1.073s] -- Looking for gz-transport13 -- found version 13.4.1
[1.073s] -- Searching for dependencies of gz-transport13
[1.166s] -- Found Protobuf: /usr/lib/x86_64-linux-gnu/libprotobuf.so (found version "3.21.12") 
[1.178s] -- Config-file not installed for ZeroMQ -- checking for pkg-config
[1.181s] -- Checking for module 'libzmq >= 4'
[1.196s] --   Found libzmq, version 4.3.5
[1.233s] -- Found ZeroMQ: TRUE (Required is at least version "4") 
[1.238s] -- Checking for module 'uuid'
[1.252s] --   Found uuid, version 2.39.3
[1.285s] -- Found UUID: TRUE  
[1.285s] -- Looking for gz-utils2 -- found version 2.2.1
[1.287s] -- Looking for gz-msgs10 -- found version 10.3.2
[1.287s] -- Searching for dependencies of gz-msgs10
[1.305s] -- Looking for gz-utils2 -- found version 2.2.1
[1.306s] -- Looking for gz-math7 -- found version 7.5.2
[1.311s] -- Searching for <gz-transport13> component [log]
[1.312s] -- Looking for gz-transport13-log -- found version 13.4.1
[1.313s] -- Searching for dependencies of gz-transport13-log
[1.313s] -- Searching for <gz-transport13> component [parameters]
[1.315s] -- Looking for gz-transport13-parameters -- found version 13.4.1
[1.315s] -- Searching for dependencies of gz-transport13-parameters
[1.315s] -- Looking for gz-msgs10 -- found version 10.3.2
[1.318s] -- Looking for gz-common5 -- found version 5.7.1
[1.318s] -- Searching for dependencies of gz-common5
[1.318s] -- Looking for gz-utils2 -- found version 2.2.1
[1.319s] -- Looking for dlfcn.h - found
[1.320s] -- Looking for libdl - found
[1.321s] -- Found DL: TRUE  
[1.325s] -- Searching for <gz-common5> component [av]
[1.328s] -- Looking for gz-common5-av -- found version 5.7.1
[1.328s] -- Searching for dependencies of gz-common5-av
[1.332s] -- Checking for module 'libswscale'
[1.346s] --   Found libswscale, version 7.5.100
[1.376s] -- Found SWSCALE: TRUE  
[1.380s] -- Checking for module 'libavdevice >= 56.4.100'
[1.393s] --   Found libavdevice, version 60.3.100
[1.433s] -- Found AVDEVICE: TRUE (Required is at least version "56.4.100") 
[1.436s] -- Checking for module 'libavformat'
[1.451s] --   Found libavformat, version 60.16.100
[1.485s] -- Found AVFORMAT: TRUE  
[1.490s] -- Checking for module 'libavcodec'
[1.504s] --   Found libavcodec, version 60.31.102
[1.537s] -- Found AVCODEC: TRUE  
[1.541s] -- Checking for module 'libavutil'
[1.554s] --   Found libavutil, version 58.29.100
[1.585s] -- Found AVUTIL: TRUE  
[1.585s] -- Searching for <gz-common5> component [events]
[1.588s] -- Looking for gz-common5-events -- found version 5.7.1
[1.588s] -- Searching for dependencies of gz-common5-events
[1.588s] -- Looking for gz-math7 -- found version 7.5.2
[1.588s] -- Searching for <gz-common5> component [graphics]
[1.591s] -- Looking for gz-common5-graphics -- found version 5.7.1
[1.591s] -- Searching for dependencies of gz-common5-graphics
[1.591s] -- Looking for gz-math7 -- found version 7.5.2
[1.596s] -- Found GzAssimp: TRUE (found version "5.3.0") 
[1.596s] -- Searching for <gz-common5> component [io]
[1.599s] -- Looking for gz-common5-io -- found version 5.7.1
[1.599s] -- Searching for dependencies of gz-common5-io
[1.599s] -- Searching for <gz-common5> component [profiler]
[1.601s] -- Looking for gz-common5-profiler -- found version 5.7.1
[1.601s] -- Searching for dependencies of gz-common5-profiler
[1.604s] -- Looking for gz-fuel_tools9 -- found version 9.1.1
[1.604s] -- Searching for dependencies of gz-fuel_tools9
[1.683s] -- Found CURL: /usr/lib/x86_64-linux-gnu/libcurl.so (found version "8.5.0")  
[1.693s] -- Checking for module 'jsoncpp'
[1.708s] --   Found jsoncpp, version 1.9.5
[1.740s] -- Found JSONCPP: TRUE  
[1.755s] -- Checking for module 'yaml-0.1'
[1.769s] --   Found yaml-0.1, version 0.2.5
[1.800s] -- Found YAML: TRUE  
[1.805s] -- Checking for module 'libzip'
[1.819s] --   Found libzip, version 1.7.3
[1.850s] -- Found ZIP: TRUE  
[1.850s] -- Looking for gz-utils2 -- found version 2.2.1
[1.850s] -- Looking for gz-common5 -- found version 5.7.1
[1.850s] -- Searching for dependencies of gz-common5
[1.850s] -- Looking for gz-utils2 -- found version 2.2.1
[1.850s] -- Looking for dlfcn.h - found
[1.850s] -- Looking for libdl - found
[1.856s] -- Searching for <gz-common5> component [testing]
[1.858s] -- Looking for gz-common5-testing -- found version 5.7.1
[1.859s] -- Searching for dependencies of gz-common5-testing
[1.859s] -- Looking for gz-math7 -- found version 7.5.2
[1.860s] -- Looking for gz-msgs10 -- found version 10.3.2
[1.862s] -- Looking for gz-gui8 -- found version 8.4.0
[1.862s] -- Searching for dependencies of gz-gui8
[1.885s] -- Looking for gz-utils2 -- found version 2.2.1
[1.885s] -- Looking for gz-math7 -- found version 7.5.2
[1.885s] -- Looking for gz-common5 -- found version 5.7.1
[1.885s] -- Looking for gz-plugin2 -- found version 2.0.4
[1.886s] -- Looking for gz-transport13 -- found version 13.4.1
[1.888s] -- Looking for gz-rendering8 -- found version 8.2.2
[1.888s] -- Searching for dependencies of gz-rendering8
[1.888s] -- Looking for gz-math7 -- found version 7.5.2
[1.888s] -- Searching for dependencies of gz-math7
[1.888s] -- Looking for gz-utils2 -- found version 2.2.1
[1.888s] -- Searching for <gz-math7> component [eigen3]
[1.891s] -- Looking for gz-math7-eigen3 -- found version 7.5.2
[1.891s] -- Searching for dependencies of gz-math7-eigen3
[1.899s] -- Looking for gz-common5 -- found version 5.7.1
[1.899s] -- Searching for dependencies of gz-common5
[1.900s] -- Looking for gz-utils2 -- found version 2.2.1
[1.900s] -- Looking for dlfcn.h - found
[1.900s] -- Looking for libdl - found
[1.906s] -- Searching for <gz-common5> component [graphics]
[1.906s] -- Searching for <gz-common5> component [events]
[1.906s] -- Searching for <gz-common5> component [geospatial]
[1.909s] -- Looking for gz-common5-geospatial -- found version 5.7.1
[1.909s] -- Searching for dependencies of gz-common5-geospatial
[1.909s] -- Looking for gz-math7 -- found version 7.5.2
[1.909s] -- Looking for gz-common5 -- found version 5.7.1
[1.910s] -- Looking for gz-plugin2 -- found version 2.0.4
[1.910s] -- Searching for dependencies of gz-plugin2
[1.910s] -- Looking for gz-utils2 -- found version 2.2.1
[1.910s] -- Searching for <gz-plugin2> component [all]
[1.913s] -- Looking for all libraries of gz-plugin2 -- found version 2.0.4
[1.913s] -- Looking for gz-plugin2 -- found version 2.0.4
[1.913s] -- Looking for gz-utils2 -- found version 2.2.1
[1.925s] -- Found OpenGL: /usr/lib/x86_64-linux-gnu/libOpenGL.so  found components: OpenGL 
[1.926s] -- Looking for gz-msgs10 -- found version 10.3.2
[1.943s] -- Looking for gz-physics7 -- found version 7.5.0
[1.944s] -- Searching for dependencies of gz-physics7
[1.944s] -- Looking for gz-common5 -- found version 5.7.1
[1.944s] -- Looking for gz-math7 -- found version 7.5.2
[1.944s] -- Looking for gz-plugin2 -- found version 2.0.4
[1.944s] -- Looking for gz-utils2 -- found version 2.2.1
[1.945s] -- Searching for <gz-physics7> component [heightmap]
[1.947s] -- Looking for gz-physics7-heightmap -- found version 7.5.0
[1.947s] -- Searching for dependencies of gz-physics7-heightmap
[1.947s] -- Looking for gz-common5 -- found version 5.7.1
[1.947s] -- Searching for <gz-physics7> component [mesh]
[1.949s] -- Looking for gz-physics7-mesh -- found version 7.5.0
[1.949s] -- Searching for dependencies of gz-physics7-mesh
[1.949s] -- Looking for gz-common5 -- found version 5.7.1
[1.950s] -- Searching for <gz-physics7> component [sdf]
[1.951s] -- Looking for gz-physics7-sdf -- found version 7.5.0
[1.951s] -- Searching for dependencies of gz-physics7-sdf
[1.952s] -- Looking for sdformat14 -- found version 14.8.0
[1.954s] -- Looking for gz-sensors8 -- found version 8.2.2
[1.954s] -- Searching for dependencies of gz-sensors8
[1.972s] -- Looking for gz-math7 -- found version 7.5.2
[1.972s] -- Looking for gz-common5 -- found version 5.7.1
[1.972s] -- Looking for gz-transport13 -- found version 13.4.1
[1.973s] -- Looking for gz-rendering8 -- found version 8.2.2
[1.973s] -- Looking for gz-msgs10 -- found version 10.3.2
[1.973s] -- Looking for sdformat14 -- found version 14.8.0
[1.973s] -- Searching for <gz-sensors8> component [air_pressure]
[1.975s] -- Looking for gz-sensors8-air_pressure -- found version 8.2.2
[1.975s] -- Searching for dependencies of gz-sensors8-air_pressure
[1.975s] -- Searching for <gz-sensors8> component [air_speed]
[1.977s] -- Looking for gz-sensors8-air_speed -- found version 8.2.2
[1.977s] -- Searching for dependencies of gz-sensors8-air_speed
[1.977s] -- Searching for <gz-sensors8> component [altimeter]
[1.979s] -- Looking for gz-sensors8-altimeter -- found version 8.2.2
[1.979s] -- Searching for dependencies of gz-sensors8-altimeter
[1.979s] -- Searching for <gz-sensors8> component [imu]
[1.981s] -- Looking for gz-sensors8-imu -- found version 8.2.2
[1.981s] -- Searching for dependencies of gz-sensors8-imu
[1.981s] -- Searching for <gz-sensors8> component [force_torque]
[1.983s] -- Looking for gz-sensors8-force_torque -- found version 8.2.2
[1.983s] -- Searching for dependencies of gz-sensors8-force_torque
[1.983s] -- Searching for <gz-sensors8> component [logical_camera]
[1.985s] -- Looking for gz-sensors8-logical_camera -- found version 8.2.2
[1.985s] -- Searching for dependencies of gz-sensors8-logical_camera
[1.985s] -- Searching for <gz-sensors8> component [magnetometer]
[1.987s] -- Looking for gz-sensors8-magnetometer -- found version 8.2.2
[1.987s] -- Searching for dependencies of gz-sensors8-magnetometer
[1.987s] -- Searching for <gz-sensors8> component [navsat]
[1.989s] -- Looking for gz-sensors8-navsat -- found version 8.2.2
[1.989s] -- Searching for dependencies of gz-sensors8-navsat
[1.989s] -- Searching for <gz-sensors8> component [dvl]
[1.991s] -- Looking for gz-sensors8-dvl -- found version 8.2.2
[1.991s] -- Searching for dependencies of gz-sensors8-dvl
[1.991s] -- Looking for gz-sensors8 -- found version 8.2.2
[1.991s] -- Searching for dependencies of gz-sensors8
[2.008s] -- Looking for gz-math7 -- found version 7.5.2
[2.009s] -- Looking for gz-common5 -- found version 5.7.1
[2.009s] -- Looking for gz-transport13 -- found version 13.4.1
[2.009s] -- Looking for gz-rendering8 -- found version 8.2.2
[2.009s] -- Looking for gz-msgs10 -- found version 10.3.2
[2.010s] -- Looking for sdformat14 -- found version 14.8.0
[2.010s] -- Searching for <gz-sensors8> component [rendering]
[2.011s] -- Looking for gz-sensors8-rendering -- found version 8.2.2
[2.011s] -- Searching for dependencies of gz-sensors8-rendering
[2.012s] -- Searching for <gz-sensors8> component [rendering]
[2.012s] -- Searching for <gz-sensors8> component [lidar]
[2.014s] -- Looking for gz-sensors8-lidar -- found version 8.2.2
[2.014s] -- Searching for dependencies of gz-sensors8-lidar
[2.014s] -- Looking for gz-sensors8 -- found version 8.2.2
[2.014s] -- Searching for <gz-sensors8> component [gpu_lidar]
[2.016s] -- Looking for gz-sensors8-gpu_lidar -- found version 8.2.2
[2.016s] -- Searching for dependencies of gz-sensors8-gpu_lidar
[2.016s] -- Looking for gz-sensors8 -- found version 8.2.2
[2.017s] -- Searching for <gz-sensors8> component [camera]
[2.018s] -- Looking for gz-sensors8-camera -- found version 8.2.2
[2.018s] -- Searching for dependencies of gz-sensors8-camera
[2.018s] -- Looking for gz-sensors8 -- found version 8.2.2
[2.019s] -- Searching for <gz-sensors8> component [boundingbox_camera]
[2.020s] -- Looking for gz-sensors8-boundingbox_camera -- found version 8.2.2
[2.020s] -- Searching for dependencies of gz-sensors8-boundingbox_camera
[2.021s] -- Searching for <gz-sensors8> component [segmentation_camera]
[2.022s] -- Looking for gz-sensors8-segmentation_camera -- found version 8.2.2
[2.022s] -- Searching for dependencies of gz-sensors8-segmentation_camera
[2.023s] -- Searching for <gz-sensors8> component [depth_camera]
[2.024s] -- Looking for gz-sensors8-depth_camera -- found version 8.2.2
[2.025s] -- Searching for dependencies of gz-sensors8-depth_camera
[2.025s] -- Looking for gz-sensors8 -- found version 8.2.2
[2.025s] -- Searching for <gz-sensors8> component [rgbd_camera]
[2.027s] -- Looking for gz-sensors8-rgbd_camera -- found version 8.2.2
[2.027s] -- Searching for dependencies of gz-sensors8-rgbd_camera
[2.027s] -- Looking for gz-sensors8 -- found version 8.2.2
[2.027s] -- Searching for <gz-sensors8> component [thermal_camera]
[2.029s] -- Looking for gz-sensors8-thermal_camera -- found version 8.2.2
[2.029s] -- Searching for dependencies of gz-sensors8-thermal_camera
[2.029s] -- Looking for gz-sensors8 -- found version 8.2.2
[2.029s] -- Searching for <gz-sensors8> component [wide_angle_camera]
[2.031s] -- Looking for gz-sensors8-wide_angle_camera -- found version 8.2.2
[2.031s] -- Searching for dependencies of gz-sensors8-wide_angle_camera
[2.032s] -- Looking for gz-rendering8 -- found version 8.2.2
[2.032s] -- Looking for gz-math7 -- found version 7.5.2
[2.032s] -- Looking for gz-utils2 -- found version 2.2.1
[2.051s] -- Looking for gz-plugin2 -- found version 2.0.4
[2.109s] -- Configuring done (2.1s)
[2.132s] -- Generating done (0.0s)
[2.137s] -- Build files have been written to: /home/jao/Desktop/ITDS331_ROS2_FINAL_EXAM_MODULE/ros2/build/turtlebot3_gazebo
[2.150s] Invoked command in '/home/jao/Desktop/ITDS331_ROS2_FINAL_EXAM_MODULE/ros2/build/turtlebot3_gazebo' returned '0': CMAKE_PREFIX_PATH=${CMAKE_PREFIX_PATH}:/home/jao/Desktop/ITDS331_ROS2_FINAL_EXAM_MODULE/ros2/install/restaurant_robot:/opt/ros/jazzy DEBUGINFOD_URLS=https://debuginfod.ubuntu.com /usr/bin/cmake /home/jao/Desktop/ITDS331_ROS2_FINAL_EXAM_MODULE/ros2/src/turtlebot3_simulations/turtlebot3_gazebo -DAMENT_CMAKE_SYMLINK_INSTALL=1 -DCMAKE_INSTALL_PREFIX=/home/jao/Desktop/ITDS331_ROS2_FINAL_EXAM_MODULE/ros2/install/turtlebot3_gazebo
[2.151s] Invoking command in '/home/jao/Desktop/ITDS331_ROS2_FINAL_EXAM_MODULE/ros2/build/turtlebot3_gazebo': CMAKE_PREFIX_PATH=${CMAKE_PREFIX_PATH}:/home/jao/Desktop/ITDS331_ROS2_FINAL_EXAM_MODULE/ros2/install/restaurant_robot:/opt/ros/jazzy DEBUGINFOD_URLS=https://debuginfod.ubuntu.com /usr/bin/cmake --build /home/jao/Desktop/ITDS331_ROS2_FINAL_EXAM_MODULE/ros2/build/turtlebot3_gazebo -- -j32 -l32
[2.196s] [ 50%] [32mBuilding CXX object CMakeFiles/obstacle2.dir/src/obstacle2.cpp.o[0m
[2.196s] [ 50%] [32mBuilding CXX object CMakeFiles/obstacle1.dir/src/obstacle1.cpp.o[0m
[2.196s] [ 50%] [32mBuilding CXX object CMakeFiles/obstacles.dir/src/obstacles.cpp.o[0m
[2.196s] [ 50%] [32mBuilding CXX object CMakeFiles/turtlebot3_drive.dir/src/turtlebot3_drive.cpp.o[0m
[3.428s] [ 62%] [32m[1mLinking CXX shared library libobstacle2.so[0m
[3.429s] [ 75%] [32m[1mLinking CXX shared library libobstacle1.so[0m
[3.542s] [ 75%] Built target obstacle1
[3.548s] [ 75%] Built target obstacle2
[3.661s] [ 87%] [32m[1mLinking CXX shared library libobstacles.so[0m
[3.779s] [ 87%] Built target obstacles
[8.088s] [100%] [32m[1mLinking CXX executable turtlebot3_drive[0m
[8.320s] [100%] Built target turtlebot3_drive
[8.330s] Invoked command in '/home/jao/Desktop/ITDS331_ROS2_FINAL_EXAM_MODULE/ros2/build/turtlebot3_gazebo' returned '0': CMAKE_PREFIX_PATH=${CMAKE_PREFIX_PATH}:/home/jao/Desktop/ITDS331_ROS2_FINAL_EXAM_MODULE/ros2/install/restaurant_robot:/opt/ros/jazzy DEBUGINFOD_URLS=https://debuginfod.ubuntu.com /usr/bin/cmake --build /home/jao/Desktop/ITDS331_ROS2_FINAL_EXAM_MODULE/ros2/build/turtlebot3_gazebo -- -j32 -l32
[8.332s] Invoking command in '/home/jao/Desktop/ITDS331_ROS2_FINAL_EXAM_MODULE/ros2/build/turtlebot3_gazebo': CMAKE_PREFIX_PATH=${CMAKE_PREFIX_PATH}:/home/jao/Desktop/ITDS331_ROS2_FINAL_EXAM_MODULE/ros2/install/restaurant_robot:/opt/ros/jazzy DEBUGINFOD_URLS=https://debuginfod.ubuntu.com /usr/bin/cmake --install /home/jao/Desktop/ITDS331_ROS2_FINAL_EXAM_MODULE/ros2/build/turtlebot3_gazebo
[8.338s] -- Install configuration: ""
[8.338s] -- Execute custom install script
[8.338s] -- Symlinking: /home/jao/Desktop/ITDS331_ROS2_FINAL_EXAM_MODULE/ros2/install/turtlebot3_gazebo/lib/turtlebot3_gazebo/turtlebot3_drive
[8.345s] -- Symlinking: /home/jao/Desktop/ITDS331_ROS2_FINAL_EXAM_MODULE/ros2/install/turtlebot3_gazebo/lib/turtlebot3_gazebo/libobstacles.so
[8.351s] -- Symlinking: /home/jao/Desktop/ITDS331_ROS2_FINAL_EXAM_MODULE/ros2/install/turtlebot3_gazebo/lib/turtlebot3_gazebo/libobstacle1.so
[8.357s] -- Symlinking: /home/jao/Desktop/ITDS331_ROS2_FINAL_EXAM_MODULE/ros2/install/turtlebot3_gazebo/lib/turtlebot3_gazebo/libobstacle2.so
[8.364s] -- Symlinking: /home/jao/Desktop/ITDS331_ROS2_FINAL_EXAM_MODULE/ros2/install/turtlebot3_gazebo/share/turtlebot3_gazebo//launch/empty_world.launch.py
[8.370s] -- Symlinking: /home/jao/Desktop/ITDS331_ROS2_FINAL_EXAM_MODULE/ros2/install/turtlebot3_gazebo/share/turtlebot3_gazebo//launch/my_navigation_launch.py
[8.376s] -- Symlinking: /home/jao/Desktop/ITDS331_ROS2_FINAL_EXAM_MODULE/ros2/install/turtlebot3_gazebo/share/turtlebot3_gazebo//launch/robot_state_publisher.launch.py
[8.383s] -- Symlinking: /home/jao/Desktop/ITDS331_ROS2_FINAL_EXAM_MODULE/ros2/install/turtlebot3_gazebo/share/turtlebot3_gazebo//launch/spawn_turtlebot3.launch.py
[8.389s] -- Symlinking: /home/jao/Desktop/ITDS331_ROS2_FINAL_EXAM_MODULE/ros2/install/turtlebot3_gazebo/share/turtlebot3_gazebo//launch/turtlebot3_dqn_stage1.launch.py
[8.395s] -- Symlinking: /home/jao/Desktop/ITDS331_ROS2_FINAL_EXAM_MODULE/ros2/install/turtlebot3_gazebo/share/turtlebot3_gazebo//launch/turtlebot3_dqn_stage2.launch.py
[8.401s] -- Symlinking: /home/jao/Desktop/ITDS331_ROS2_FINAL_EXAM_MODULE/ros2/install/turtlebot3_gazebo/share/turtlebot3_gazebo//launch/turtlebot3_dqn_stage3.launch.py
[8.407s] -- Symlinking: /home/jao/Desktop/ITDS331_ROS2_FINAL_EXAM_MODULE/ros2/install/turtlebot3_gazebo/share/turtlebot3_gazebo//launch/turtlebot3_dqn_stage4.launch.py
[8.414s] -- Symlinking: /home/jao/Desktop/ITDS331_ROS2_FINAL_EXAM_MODULE/ros2/install/turtlebot3_gazebo/share/turtlebot3_gazebo//launch/turtlebot3_house.launch.py
[8.421s] -- Symlinking: /home/jao/Desktop/ITDS331_ROS2_FINAL_EXAM_MODULE/ros2/install/turtlebot3_gazebo/share/turtlebot3_gazebo//launch/turtlebot3_world.launch.py
[8.429s] -- Symlinking: /home/jao/Desktop/ITDS331_ROS2_FINAL_EXAM_MODULE/ros2/install/turtlebot3_gazebo/share/turtlebot3_gazebo//models/turtlebot3_burger/model-1_4.sdf
[8.435s] -- Symlinking: /home/jao/Desktop/ITDS331_ROS2_FINAL_EXAM_MODULE/ros2/install/turtlebot3_gazebo/share/turtlebot3_gazebo//models/turtlebot3_burger/model.config
[8.442s] -- Symlinking: /home/jao/Desktop/ITDS331_ROS2_FINAL_EXAM_MODULE/ros2/install/turtlebot3_gazebo/share/turtlebot3_gazebo//models/turtlebot3_burger/model.sdf
[8.448s] -- Symlinking: /home/jao/Desktop/ITDS331_ROS2_FINAL_EXAM_MODULE/ros2/install/turtlebot3_gazebo/share/turtlebot3_gazebo//models/turtlebot3_burger_cam/model-1_4.sdf
[8.455s] -- Symlinking: /home/jao/Desktop/ITDS331_ROS2_FINAL_EXAM_MODULE/ros2/install/turtlebot3_gazebo/share/turtlebot3_gazebo//models/turtlebot3_burger_cam/model.config
[8.462s] -- Symlinking: /home/jao/Desktop/ITDS331_ROS2_FINAL_EXAM_MODULE/ros2/install/turtlebot3_gazebo/share/turtlebot3_gazebo//models/turtlebot3_burger_cam/model.sdf
[8.468s] -- Symlinking: /home/jao/Desktop/ITDS331_ROS2_FINAL_EXAM_MODULE/ros2/install/turtlebot3_gazebo/share/turtlebot3_gazebo//models/turtlebot3_common/meshes/bases/burger_base.stl
[8.475s] -- Symlinking: /home/jao/Desktop/ITDS331_ROS2_FINAL_EXAM_MODULE/ros2/install/turtlebot3_gazebo/share/turtlebot3_gazebo//models/turtlebot3_common/meshes/bases/waffle_base.stl
[8.481s] -- Symlinking: /home/jao/Desktop/ITDS331_ROS2_FINAL_EXAM_MODULE/ros2/install/turtlebot3_gazebo/share/turtlebot3_gazebo//models/turtlebot3_common/meshes/bases/waffle_pi_base.stl
[8.488s] -- Symlinking: /home/jao/Desktop/ITDS331_ROS2_FINAL_EXAM_MODULE/ros2/install/turtlebot3_gazebo/share/turtlebot3_gazebo//models/turtlebot3_common/meshes/burger_base.dae
[8.495s] -- Symlinking: /home/jao/Desktop/ITDS331_ROS2_FINAL_EXAM_MODULE/ros2/install/turtlebot3_gazebo/share/turtlebot3_gazebo//models/turtlebot3_common/meshes/lds.dae
[8.502s] -- Symlinking: /home/jao/Desktop/ITDS331_ROS2_FINAL_EXAM_MODULE/ros2/install/turtlebot3_gazebo/share/turtlebot3_gazebo//models/turtlebot3_common/meshes/r200.dae
[8.508s] -- Symlinking: /home/jao/Desktop/ITDS331_ROS2_FINAL_EXAM_MODULE/ros2/install/turtlebot3_gazebo/share/turtlebot3_gazebo//models/turtlebot3_common/meshes/sensors/astra.dae
[8.515s] -- Symlinking: /home/jao/Desktop/ITDS331_ROS2_FINAL_EXAM_MODULE/ros2/install/turtlebot3_gazebo/share/turtlebot3_gazebo//models/turtlebot3_common/meshes/sensors/astra.jpg
[8.521s] -- Symlinking: /home/jao/Desktop/ITDS331_ROS2_FINAL_EXAM_MODULE/ros2/install/turtlebot3_gazebo/share/turtlebot3_gazebo//models/turtlebot3_common/meshes/sensors/lds.stl
[8.528s] -- Symlinking: /home/jao/Desktop/ITDS331_ROS2_FINAL_EXAM_MODULE/ros2/install/turtlebot3_gazebo/share/turtlebot3_gazebo//models/turtlebot3_common/meshes/sensors/r200.dae
[8.536s] -- Symlinking: /home/jao/Desktop/ITDS331_ROS2_FINAL_EXAM_MODULE/ros2/install/turtlebot3_gazebo/share/turtlebot3_gazebo//models/turtlebot3_common/meshes/sensors/r200.jpg
[8.542s] -- Symlinking: /home/jao/Desktop/ITDS331_ROS2_FINAL_EXAM_MODULE/ros2/install/turtlebot3_gazebo/share/turtlebot3_gazebo//models/turtlebot3_common/meshes/tire.dae
[8.549s] -- Symlinking: /home/jao/Desktop/ITDS331_ROS2_FINAL_EXAM_MODULE/ros2/install/turtlebot3_gazebo/share/turtlebot3_gazebo//models/turtlebot3_common/meshes/waffle_base.dae
[8.555s] -- Symlinking: /home/jao/Desktop/ITDS331_ROS2_FINAL_EXAM_MODULE/ros2/install/turtlebot3_gazebo/share/turtlebot3_gazebo//models/turtlebot3_common/meshes/waffle_pi_base.dae
[8.562s] -- Symlinking: /home/jao/Desktop/ITDS331_ROS2_FINAL_EXAM_MODULE/ros2/install/turtlebot3_gazebo/share/turtlebot3_gazebo//models/turtlebot3_common/meshes/wheels/left_tire.stl
[8.569s] -- Symlinking: /home/jao/Desktop/ITDS331_ROS2_FINAL_EXAM_MODULE/ros2/install/turtlebot3_gazebo/share/turtlebot3_gazebo//models/turtlebot3_common/meshes/wheels/right_tire.stl
[8.575s] -- Symlinking: /home/jao/Desktop/ITDS331_ROS2_FINAL_EXAM_MODULE/ros2/install/turtlebot3_gazebo/share/turtlebot3_gazebo//models/turtlebot3_common/model.config
[8.581s] -- Symlinking: /home/jao/Desktop/ITDS331_ROS2_FINAL_EXAM_MODULE/ros2/install/turtlebot3_gazebo/share/turtlebot3_gazebo//models/turtlebot3_dqn_world/goal_box/model.config
[8.588s] -- Symlinking: /home/jao/Desktop/ITDS331_ROS2_FINAL_EXAM_MODULE/ros2/install/turtlebot3_gazebo/share/turtlebot3_gazebo//models/turtlebot3_dqn_world/goal_box/model.sdf
[8.595s] -- Symlinking: /home/jao/Desktop/ITDS331_ROS2_FINAL_EXAM_MODULE/ros2/install/turtlebot3_gazebo/share/turtlebot3_gazebo//models/turtlebot3_dqn_world/inner_walls/model.config
[8.602s] -- Symlinking: /home/jao/Desktop/ITDS331_ROS2_FINAL_EXAM_MODULE/ros2/install/turtlebot3_gazebo/share/turtlebot3_gazebo//models/turtlebot3_dqn_world/inner_walls/model.sdf
[8.608s] -- Symlinking: /home/jao/Desktop/ITDS331_ROS2_FINAL_EXAM_MODULE/ros2/install/turtlebot3_gazebo/share/turtlebot3_gazebo//models/turtlebot3_dqn_world/inner_walls/textures/wood.png
[8.615s] -- Symlinking: /home/jao/Desktop/ITDS331_ROS2_FINAL_EXAM_MODULE/ros2/install/turtlebot3_gazebo/share/turtlebot3_gazebo//models/turtlebot3_dqn_world/model.config
[8.621s] -- Symlinking: /home/jao/Desktop/ITDS331_ROS2_FINAL_EXAM_MODULE/ros2/install/turtlebot3_gazebo/share/turtlebot3_gazebo//models/turtlebot3_dqn_world/model.sdf
[8.628s] -- Symlinking: /home/jao/Desktop/ITDS331_ROS2_FINAL_EXAM_MODULE/ros2/install/turtlebot3_gazebo/share/turtlebot3_gazebo//models/turtlebot3_dqn_world/obstacle1/model.config
[8.633s] -- Symlinking: /home/jao/Desktop/ITDS331_ROS2_FINAL_EXAM_MODULE/ros2/install/turtlebot3_gazebo/share/turtlebot3_gazebo//models/turtlebot3_dqn_world/obstacle1/model.sdf
[8.641s] -- Symlinking: /home/jao/Desktop/ITDS331_ROS2_FINAL_EXAM_MODULE/ros2/install/turtlebot3_gazebo/share/turtlebot3_gazebo//models/turtlebot3_dqn_world/obstacle2/model.config
[8.648s] -- Symlinking: /home/jao/Desktop/ITDS331_ROS2_FINAL_EXAM_MODULE/ros2/install/turtlebot3_gazebo/share/turtlebot3_gazebo//models/turtlebot3_dqn_world/obstacle2/model.sdf
[8.654s] -- Symlinking: /home/jao/Desktop/ITDS331_ROS2_FINAL_EXAM_MODULE/ros2/install/turtlebot3_gazebo/share/turtlebot3_gazebo//models/turtlebot3_dqn_world/obstacles/model.config
[8.661s] -- Symlinking: /home/jao/Desktop/ITDS331_ROS2_FINAL_EXAM_MODULE/ros2/install/turtlebot3_gazebo/share/turtlebot3_gazebo//models/turtlebot3_dqn_world/obstacles/model.sdf
[8.667s] -- Symlinking: /home/jao/Desktop/ITDS331_ROS2_FINAL_EXAM_MODULE/ros2/install/turtlebot3_gazebo/share/turtlebot3_gazebo//models/turtlebot3_dqn_world/textures/wood.png
[8.673s] -- Symlinking: /home/jao/Desktop/ITDS331_ROS2_FINAL_EXAM_MODULE/ros2/install/turtlebot3_gazebo/share/turtlebot3_gazebo//models/turtlebot3_house/cafe_table/materials/textures/Maple.jpg
[8.680s] -- Symlinking: /home/jao/Desktop/ITDS331_ROS2_FINAL_EXAM_MODULE/ros2/install/turtlebot3_gazebo/share/turtlebot3_gazebo//models/turtlebot3_house/cafe_table/materials/textures/Wood_Floor_Dark.jpg
[8.686s] -- Symlinking: /home/jao/Desktop/ITDS331_ROS2_FINAL_EXAM_MODULE/ros2/install/turtlebot3_gazebo/share/turtlebot3_gazebo//models/turtlebot3_house/cafe_table/meshes/cafe_table.dae
[8.693s] -- Symlinking: /home/jao/Desktop/ITDS331_ROS2_FINAL_EXAM_MODULE/ros2/install/turtlebot3_gazebo/share/turtlebot3_gazebo//models/turtlebot3_house/cafe_table/model-1_4.sdf
[8.699s] -- Symlinking: /home/jao/Desktop/ITDS331_ROS2_FINAL_EXAM_MODULE/ros2/install/turtlebot3_gazebo/share/turtlebot3_gazebo//models/turtlebot3_house/cafe_table/model.config
[8.706s] -- Symlinking: /home/jao/Desktop/ITDS331_ROS2_FINAL_EXAM_MODULE/ros2/install/turtlebot3_gazebo/share/turtlebot3_gazebo//models/turtlebot3_house/cafe_table/model.sdf
[8.712s] -- Symlinking: /home/jao/Desktop/ITDS331_ROS2_FINAL_EXAM_MODULE/ros2/install/turtlebot3_gazebo/share/turtlebot3_gazebo//models/turtlebot3_house/first_2015_trash_can/meshes/trash_can.dae
[8.719s] -- Symlinking: /home/jao/Desktop/ITDS331_ROS2_FINAL_EXAM_MODULE/ros2/install/turtlebot3_gazebo/share/turtlebot3_gazebo//models/turtlebot3_house/first_2015_trash_can/model.config
[8.725s] -- Symlinking: /home/jao/Desktop/ITDS331_ROS2_FINAL_EXAM_MODULE/ros2/install/turtlebot3_gazebo/share/turtlebot3_gazebo//models/turtlebot3_house/first_2015_trash_can/model.sdf
[8.732s] -- Symlinking: /home/jao/Desktop/ITDS331_ROS2_FINAL_EXAM_MODULE/ros2/install/turtlebot3_gazebo/share/turtlebot3_gazebo//models/turtlebot3_house/mailbox/materials/scripts/mailbox.material
[8.739s] -- Symlinking: /home/jao/Desktop/ITDS331_ROS2_FINAL_EXAM_MODULE/ros2/install/turtlebot3_gazebo/share/turtlebot3_gazebo//models/turtlebot3_house/mailbox/materials/textures/Mailbox_Diffuse.png
[8.745s] -- Symlinking: /home/jao/Desktop/ITDS331_ROS2_FINAL_EXAM_MODULE/ros2/install/turtlebot3_gazebo/share/turtlebot3_gazebo//models/turtlebot3_house/mailbox/materials/textures/Mailbox_Diffuse.tga.orig
[8.752s] -- Symlinking: /home/jao/Desktop/ITDS331_ROS2_FINAL_EXAM_MODULE/ros2/install/turtlebot3_gazebo/share/turtlebot3_gazebo//models/turtlebot3_house/mailbox/materials/textures/Mailbox_Spec.png
[8.758s] -- Symlinking: /home/jao/Desktop/ITDS331_ROS2_FINAL_EXAM_MODULE/ros2/install/turtlebot3_gazebo/share/turtlebot3_gazebo//models/turtlebot3_house/mailbox/meshes/mailbox.dae
[8.765s] -- Symlinking: /home/jao/Desktop/ITDS331_ROS2_FINAL_EXAM_MODULE/ros2/install/turtlebot3_gazebo/share/turtlebot3_gazebo//models/turtlebot3_house/mailbox/model-1_3.sdf
[8.771s] -- Symlinking: /home/jao/Desktop/ITDS331_ROS2_FINAL_EXAM_MODULE/ros2/install/turtlebot3_gazebo/share/turtlebot3_gazebo//models/turtlebot3_house/mailbox/model-1_4.sdf
[8.778s] -- Symlinking: /home/jao/Desktop/ITDS331_ROS2_FINAL_EXAM_MODULE/ros2/install/turtlebot3_gazebo/share/turtlebot3_gazebo//models/turtlebot3_house/mailbox/model.config
[8.784s] -- Symlinking: /home/jao/Desktop/ITDS331_ROS2_FINAL_EXAM_MODULE/ros2/install/turtlebot3_gazebo/share/turtlebot3_gazebo//models/turtlebot3_house/mailbox/model.sdf
[8.790s] -- Symlinking: /home/jao/Desktop/ITDS331_ROS2_FINAL_EXAM_MODULE/ros2/install/turtlebot3_gazebo/share/turtlebot3_gazebo//models/turtlebot3_house/model.config
[8.797s] -- Symlinking: /home/jao/Desktop/ITDS331_ROS2_FINAL_EXAM_MODULE/ros2/install/turtlebot3_gazebo/share/turtlebot3_gazebo//models/turtlebot3_house/model.sdf
[8.804s] -- Symlinking: /home/jao/Desktop/ITDS331_ROS2_FINAL_EXAM_MODULE/ros2/install/turtlebot3_gazebo/share/turtlebot3_gazebo//models/turtlebot3_house/table_marble/materials/scripts/table_lightmap.material
[8.810s] -- Symlinking: /home/jao/Desktop/ITDS331_ROS2_FINAL_EXAM_MODULE/ros2/install/turtlebot3_gazebo/share/turtlebot3_gazebo//models/turtlebot3_house/table_marble/materials/textures/marble.png
[8.816s] -- Symlinking: /home/jao/Desktop/ITDS331_ROS2_FINAL_EXAM_MODULE/ros2/install/turtlebot3_gazebo/share/turtlebot3_gazebo//models/turtlebot3_house/table_marble/materials/textures/table_lightmap.png
[8.823s] -- Symlinking: /home/jao/Desktop/ITDS331_ROS2_FINAL_EXAM_MODULE/ros2/install/turtlebot3_gazebo/share/turtlebot3_gazebo//models/turtlebot3_house/table_marble/meshes/table_lightmap.dae
[8.829s] -- Symlinking: /home/jao/Desktop/ITDS331_ROS2_FINAL_EXAM_MODULE/ros2/install/turtlebot3_gazebo/share/turtlebot3_gazebo//models/turtlebot3_house/table_marble/model-1_4.sdf
[8.836s] -- Symlinking: /home/jao/Desktop/ITDS331_ROS2_FINAL_EXAM_MODULE/ros2/install/turtlebot3_gazebo/share/turtlebot3_gazebo//models/turtlebot3_house/table_marble/model.config
[8.843s] -- Symlinking: /home/jao/Desktop/ITDS331_ROS2_FINAL_EXAM_MODULE/ros2/install/turtlebot3_gazebo/share/turtlebot3_gazebo//models/turtlebot3_house/table_marble/model.sdf
[8.850s] -- Symlinking: /home/jao/Desktop/ITDS331_ROS2_FINAL_EXAM_MODULE/ros2/install/turtlebot3_gazebo/share/turtlebot3_gazebo//models/turtlebot3_house/textures/bricks.png
[8.857s] -- Symlinking: /home/jao/Desktop/ITDS331_ROS2_FINAL_EXAM_MODULE/ros2/install/turtlebot3_gazebo/share/turtlebot3_gazebo//models/turtlebot3_house/textures/wood.png
[8.863s] -- Symlinking: /home/jao/Desktop/ITDS331_ROS2_FINAL_EXAM_MODULE/ros2/install/turtlebot3_gazebo/share/turtlebot3_gazebo//models/turtlebot3_waffle/model-1_4.sdf
[8.870s] -- Symlinking: /home/jao/Desktop/ITDS331_ROS2_FINAL_EXAM_MODULE/ros2/install/turtlebot3_gazebo/share/turtlebot3_gazebo//models/turtlebot3_waffle/model.config
[8.876s] -- Symlinking: /home/jao/Desktop/ITDS331_ROS2_FINAL_EXAM_MODULE/ros2/install/turtlebot3_gazebo/share/turtlebot3_gazebo//models/turtlebot3_waffle/model.sdf
[8.884s] -- Symlinking: /home/jao/Desktop/ITDS331_ROS2_FINAL_EXAM_MODULE/ros2/install/turtlebot3_gazebo/share/turtlebot3_gazebo//models/turtlebot3_waffle_pi/model-1_4_.sdf
[8.890s] -- Symlinking: /home/jao/Desktop/ITDS331_ROS2_FINAL_EXAM_MODULE/ros2/install/turtlebot3_gazebo/share/turtlebot3_gazebo//models/turtlebot3_waffle_pi/model.config
[8.897s] -- Symlinking: /home/jao/Desktop/ITDS331_ROS2_FINAL_EXAM_MODULE/ros2/install/turtlebot3_gazebo/share/turtlebot3_gazebo//models/turtlebot3_waffle_pi/model.sdf
[8.903s] -- Symlinking: /home/jao/Desktop/ITDS331_ROS2_FINAL_EXAM_MODULE/ros2/install/turtlebot3_gazebo/share/turtlebot3_gazebo//models/turtlebot3_world/meshes/hexagon.dae
[8.909s] -- Symlinking: /home/jao/Desktop/ITDS331_ROS2_FINAL_EXAM_MODULE/ros2/install/turtlebot3_gazebo/share/turtlebot3_gazebo//models/turtlebot3_world/meshes/wall.dae
[8.916s] -- Symlinking: /home/jao/Desktop/ITDS331_ROS2_FINAL_EXAM_MODULE/ros2/install/turtlebot3_gazebo/share/turtlebot3_gazebo//models/turtlebot3_world/model-1_4.sdf
[8.923s] -- Symlinking: /home/jao/Desktop/ITDS331_ROS2_FINAL_EXAM_MODULE/ros2/install/turtlebot3_gazebo/share/turtlebot3_gazebo//models/turtlebot3_world/model.config
[8.930s] -- Symlinking: /home/jao/Desktop/ITDS331_ROS2_FINAL_EXAM_MODULE/ros2/install/turtlebot3_gazebo/share/turtlebot3_gazebo//models/turtlebot3_world/model.sdf
[8.937s] -- Symlinking: /home/jao/Desktop/ITDS331_ROS2_FINAL_EXAM_MODULE/ros2/install/turtlebot3_gazebo/share/turtlebot3_gazebo//params/turtlebot3_burger_bridge.yaml
[8.943s] -- Symlinking: /home/jao/Desktop/ITDS331_ROS2_FINAL_EXAM_MODULE/ros2/install/turtlebot3_gazebo/share/turtlebot3_gazebo//params/turtlebot3_burger_cam_bridge.yaml
[8.950s] -- Symlinking: /home/jao/Desktop/ITDS331_ROS2_FINAL_EXAM_MODULE/ros2/install/turtlebot3_gazebo/share/turtlebot3_gazebo//params/turtlebot3_waffle_bridge.yaml
[8.957s] -- Symlinking: /home/jao/Desktop/ITDS331_ROS2_FINAL_EXAM_MODULE/ros2/install/turtlebot3_gazebo/share/turtlebot3_gazebo//params/turtlebot3_waffle_pi_bridge.yaml
[8.963s] -- Symlinking: /home/jao/Desktop/ITDS331_ROS2_FINAL_EXAM_MODULE/ros2/install/turtlebot3_gazebo/share/turtlebot3_gazebo//rviz/tb3_gazebo.rviz
[8.970s] -- Symlinking: /home/jao/Desktop/ITDS331_ROS2_FINAL_EXAM_MODULE/ros2/install/turtlebot3_gazebo/share/turtlebot3_gazebo//urdf/common_properties.urdf
[8.976s] -- Symlinking: /home/jao/Desktop/ITDS331_ROS2_FINAL_EXAM_MODULE/ros2/install/turtlebot3_gazebo/share/turtlebot3_gazebo//urdf/turtlebot3_burger.urdf
[8.983s] -- Symlinking: /home/jao/Desktop/ITDS331_ROS2_FINAL_EXAM_MODULE/ros2/install/turtlebot3_gazebo/share/turtlebot3_gazebo//urdf/turtlebot3_burger_cam.urdf
[8.990s] -- Symlinking: /home/jao/Desktop/ITDS331_ROS2_FINAL_EXAM_MODULE/ros2/install/turtlebot3_gazebo/share/turtlebot3_gazebo//urdf/turtlebot3_waffle.urdf
[8.996s] -- Symlinking: /home/jao/Desktop/ITDS331_ROS2_FINAL_EXAM_MODULE/ros2/install/turtlebot3_gazebo/share/turtlebot3_gazebo//urdf/turtlebot3_waffle_pi.urdf
[9.003s] -- Symlinking: /home/jao/Desktop/ITDS331_ROS2_FINAL_EXAM_MODULE/ros2/install/turtlebot3_gazebo/share/turtlebot3_gazebo//worlds/empty_world.world
[9.010s] -- Symlinking: /home/jao/Desktop/ITDS331_ROS2_FINAL_EXAM_MODULE/ros2/install/turtlebot3_gazebo/share/turtlebot3_gazebo//worlds/turtlebot3_autorace_2020.world
[9.017s] -- Symlinking: /home/jao/Desktop/ITDS331_ROS2_FINAL_EXAM_MODULE/ros2/install/turtlebot3_gazebo/share/turtlebot3_gazebo//worlds/turtlebot3_dqn_stage1.world
[9.024s] -- Symlinking: /home/jao/Desktop/ITDS331_ROS2_FINAL_EXAM_MODULE/ros2/install/turtlebot3_gazebo/share/turtlebot3_gazebo//worlds/turtlebot3_dqn_stage2.world
[9.031s] -- Symlinking: /home/jao/Desktop/ITDS331_ROS2_FINAL_EXAM_MODULE/ros2/install/turtlebot3_gazebo/share/turtlebot3_gazebo//worlds/turtlebot3_dqn_stage3.world
[9.037s] -- Symlinking: /home/jao/Desktop/ITDS331_ROS2_FINAL_EXAM_MODULE/ros2/install/turtlebot3_gazebo/share/turtlebot3_gazebo//worlds/turtlebot3_dqn_stage4.world
[9.044s] -- Symlinking: /home/jao/Desktop/ITDS331_ROS2_FINAL_EXAM_MODULE/ros2/install/turtlebot3_gazebo/share/turtlebot3_gazebo//worlds/turtlebot3_house.world
[9.051s] -- Symlinking: /home/jao/Desktop/ITDS331_ROS2_FINAL_EXAM_MODULE/ros2/install/turtlebot3_gazebo/share/turtlebot3_gazebo//worlds/turtlebot3_world.world
[9.057s] -- Symlinking: /home/jao/Desktop/ITDS331_ROS2_FINAL_EXAM_MODULE/ros2/install/turtlebot3_gazebo/include//turtlebot3_gazebo/obstacle1.hpp
[9.064s] -- Symlinking: /home/jao/Desktop/ITDS331_ROS2_FINAL_EXAM_MODULE/ros2/install/turtlebot3_gazebo/include//turtlebot3_gazebo/obstacle2.hpp
[9.070s] -- Symlinking: /home/jao/Desktop/ITDS331_ROS2_FINAL_EXAM_MODULE/ros2/install/turtlebot3_gazebo/include//turtlebot3_gazebo/obstacles.hpp
[9.077s] -- Symlinking: /home/jao/Desktop/ITDS331_ROS2_FINAL_EXAM_MODULE/ros2/install/turtlebot3_gazebo/include//turtlebot3_gazebo/traffic_bar_plugin.hpp
[9.083s] -- Symlinking: /home/jao/Desktop/ITDS331_ROS2_FINAL_EXAM_MODULE/ros2/install/turtlebot3_gazebo/include//turtlebot3_gazebo/traffic_light_plugin.hpp
[9.089s] -- Symlinking: /home/jao/Desktop/ITDS331_ROS2_FINAL_EXAM_MODULE/ros2/install/turtlebot3_gazebo/include//turtlebot3_gazebo/turtlebot3_drive.hpp
[9.096s] -- Symlinking: /home/jao/Desktop/ITDS331_ROS2_FINAL_EXAM_MODULE/ros2/install/turtlebot3_gazebo/share/ament_index/resource_index/package_run_dependencies/turtlebot3_gazebo
[9.103s] -- Symlinking: /home/jao/Desktop/ITDS331_ROS2_FINAL_EXAM_MODULE/ros2/install/turtlebot3_gazebo/share/ament_index/resource_index/parent_prefix_path/turtlebot3_gazebo
[9.109s] -- Symlinking: /home/jao/Desktop/ITDS331_ROS2_FINAL_EXAM_MODULE/ros2/install/turtlebot3_gazebo/share/turtlebot3_gazebo/environment/ament_prefix_path.sh
[9.116s] -- Symlinking: /home/jao/Desktop/ITDS331_ROS2_FINAL_EXAM_MODULE/ros2/install/turtlebot3_gazebo/share/turtlebot3_gazebo/environment/ament_prefix_path.dsv
[9.122s] -- Symlinking: /home/jao/Desktop/ITDS331_ROS2_FINAL_EXAM_MODULE/ros2/install/turtlebot3_gazebo/share/turtlebot3_gazebo/environment/path.sh
[9.130s] -- Symlinking: /home/jao/Desktop/ITDS331_ROS2_FINAL_EXAM_MODULE/ros2/install/turtlebot3_gazebo/share/turtlebot3_gazebo/environment/path.dsv
[9.136s] -- Symlinking: /home/jao/Desktop/ITDS331_ROS2_FINAL_EXAM_MODULE/ros2/install/turtlebot3_gazebo/share/turtlebot3_gazebo/local_setup.bash
[9.143s] -- Symlinking: /home/jao/Desktop/ITDS331_ROS2_FINAL_EXAM_MODULE/ros2/install/turtlebot3_gazebo/share/turtlebot3_gazebo/local_setup.sh
[9.149s] -- Symlinking: /home/jao/Desktop/ITDS331_ROS2_FINAL_EXAM_MODULE/ros2/install/turtlebot3_gazebo/share/turtlebot3_gazebo/local_setup.zsh
[9.156s] -- Symlinking: /home/jao/Desktop/ITDS331_ROS2_FINAL_EXAM_MODULE/ros2/install/turtlebot3_gazebo/share/turtlebot3_gazebo/local_setup.dsv
[9.163s] -- Symlinking: /home/jao/Desktop/ITDS331_ROS2_FINAL_EXAM_MODULE/ros2/install/turtlebot3_gazebo/share/turtlebot3_gazebo/package.dsv
[9.170s] -- Symlinking: /home/jao/Desktop/ITDS331_ROS2_FINAL_EXAM_MODULE/ros2/install/turtlebot3_gazebo/share/ament_index/resource_index/packages/turtlebot3_gazebo
[9.176s] -- Symlinking: /home/jao/Desktop/ITDS331_ROS2_FINAL_EXAM_MODULE/ros2/install/turtlebot3_gazebo/share/turtlebot3_gazebo/cmake/ament_cmake_export_include_directories-extras.cmake
[9.182s] -- Symlinking: /home/jao/Desktop/ITDS331_ROS2_FINAL_EXAM_MODULE/ros2/install/turtlebot3_gazebo/share/turtlebot3_gazebo/cmake/ament_cmake_export_dependencies-extras.cmake
[9.189s] -- Symlinking: /home/jao/Desktop/ITDS331_ROS2_FINAL_EXAM_MODULE/ros2/install/turtlebot3_gazebo/share/turtlebot3_gazebo/cmake/turtlebot3_gazeboConfig.cmake
[9.195s] -- Symlinking: /home/jao/Desktop/ITDS331_ROS2_FINAL_EXAM_MODULE/ros2/install/turtlebot3_gazebo/share/turtlebot3_gazebo/cmake/turtlebot3_gazeboConfig-version.cmake
[9.202s] -- Symlinking: /home/jao/Desktop/ITDS331_ROS2_FINAL_EXAM_MODULE/ros2/install/turtlebot3_gazebo/share/turtlebot3_gazebo/package.xml
[9.210s] Invoked command in '/home/jao/Desktop/ITDS331_ROS2_FINAL_EXAM_MODULE/ros2/build/turtlebot3_gazebo' returned '0': CMAKE_PREFIX_PATH=${CMAKE_PREFIX_PATH}:/home/jao/Desktop/ITDS331_ROS2_FINAL_EXAM_MODULE/ros2/install/restaurant_robot:/opt/ros/jazzy DEBUGINFOD_URLS=https://debuginfod.ubuntu.com /usr/bin/cmake --install /home/jao/Desktop/ITDS331_ROS2_FINAL_EXAM_MODULE/ros2/build/turtlebot3_gazebo
