[0.007s] Invoking command in '/home/jao/Desktop/ros_ws/ITDS331_ROS2_FINAL_EXAM_MODULE/ros2/build/turtlebot3_gazebo': CMAKE_PREFIX_PATH=${CMAKE_PREFIX_PATH}:/opt/ros/jazzy DEBUGINFOD_URLS=https://debuginfod.ubuntu.com /usr/bin/cmake /home/jao/Desktop/ros_ws/ITDS331_ROS2_FINAL_EXAM_MODULE/ros2/src/turtlebot3_simulations/turtlebot3_gazebo -DAMENT_CMAKE_SYMLINK_INSTALL=1 -DCMAKE_INSTALL_PREFIX=/home/jao/Desktop/ros_ws/ITDS331_ROS2_FINAL_EXAM_MODULE/ros2/install/turtlebot3_gazebo
[0.095s] -- The C compiler identification is GNU 13.3.0
[0.153s] -- The CXX compiler identification is GNU 13.3.0
[0.169s] -- Detecting C compiler ABI info
[0.235s] -- Detecting C compiler ABI info - done
[0.240s] -- Check for working C compiler: /usr/bin/cc - skipped
[0.240s] -- Detecting C compile features
[0.240s] -- Detecting C compile features - done
[0.248s] -- Detecting CXX compiler ABI info
[0.317s] -- Detecting CXX compiler ABI info - done
[0.323s] -- Check for working CXX compiler: /usr/bin/c++ - skipped
[0.323s] -- Detecting CXX compile features
[0.323s] -- Detecting CXX compile features - done
[0.332s] -- Found ament_cmake: 2.5.4 (/opt/ros/jazzy/share/ament_cmake/cmake)
[0.433s] -- Found Python3: /usr/bin/python3 (found version "3.12.3") found components: Interpreter 
[0.479s] -- Override CMake install command with custom implementation using symlinks instead of copying resources
[0.536s] [31mCMake Error at CMakeLists.txt:23 (find_package):
[0.537s]   By not providing "Findgazebo.cmake" in CMAKE_MODULE_PATH this project has
[0.537s]   asked CMake to find a package configuration file provided by "gazebo", but
[0.537s]   CMake did not find one.
[0.537s] 
[0.537s]   Could not find a package configuration file provided by "gazebo" with any
[0.537s]   of the following names:
[0.537s] 
[0.537s]     gazeboConfig.cmake
[0.537s]     gazebo-config.cmake
[0.537s] 
[0.537s]   Add the installation prefix of "gazebo" to CMAKE_PREFIX_PATH or set
[0.537s]   "gazebo_DIR" to a directory containing one of the above files.  If "gazebo"
[0.537s]   provides a separate development package or SDK, be sure it has been
[0.537s]   installed.
[0.537s] 
[0.537s] [0m
[0.537s] -- Configuring incomplete, errors occurred!
[0.541s] Invoked command in '/home/jao/Desktop/ros_ws/ITDS331_ROS2_FINAL_EXAM_MODULE/ros2/build/turtlebot3_gazebo' returned '1': CMAKE_PREFIX_PATH=${CMAKE_PREFIX_PATH}:/opt/ros/jazzy DEBUGINFOD_URLS=https://debuginfod.ubuntu.com /usr/bin/cmake /home/jao/Desktop/ros_ws/ITDS331_ROS2_FINAL_EXAM_MODULE/ros2/src/turtlebot3_simulations/turtlebot3_gazebo -DAMENT_CMAKE_SYMLINK_INSTALL=1 -DCMAKE_INSTALL_PREFIX=/home/jao/Desktop/ros_ws/ITDS331_ROS2_FINAL_EXAM_MODULE/ros2/install/turtlebot3_gazebo
